Change Component Designator: Old Designator=C1 New Designator=C2
Change Component Designator: Old Designator=C1 New Designator=C3
Change Component Designator: Old Designator=C1 New Designator=C5
Change Component Designator: Old Designator=C1 New Designator=C6
Change Component Designator: Old Designator=C1 New Designator=C7
Change Component Designator: Old Designator=C1 New Designator=C8
Change Component Designator: Old Designator=C1 New Designator=C9
Change Component Designator: Old Designator=C1 New Designator=C10
Change Component Designator: Old Designator=C1 New Designator=C11
Change Component Designator: Old Designator=C1 New Designator=C12
Change Component Designator: Old Designator=C1 New Designator=C15
Change Component Designator: Old Designator=C1 New Designator=C16
Change Component Designator: Old Designator=C1 New Designator=C17
Change Component Designator: Old Designator=C1 New Designator=C18
Change Component Designator: Old Designator=C2 New Designator=C13
Change Component Designator: Old Designator=C3 New Designator=C19
Change Component Designator: Old Designator=C4 New Designator=C22
Change Component Designator: Old Designator=C5 New Designator=C23
Change Component Designator: Old Designator=C6 New Designator=C25
Change Component Designator: Old Designator=C7 New Designator=C4
Change Component Designator: Old Designator=C7 New Designator=C33
Change Component Designator: Old Designator=C8 New Designator=C14
Change Component Designator: Old Designator=C8 New Designator=C39
Change Component Designator: Old Designator=C9 New Designator=C35
Change Component Designator: Old Designator=C9 New Designator=C40
Change Component Designator: Old Designator=C10 New Designator=C34
Change Component Designator: Old Designator=C10 New Designator=C36
Change Component Designator: Old Designator=C10 New Designator=C37
Change Component Designator: Old Designator=C10 New Designator=C41
Change Component Designator: Old Designator=C51 New Designator=C20
Change Component Designator: Old Designator=C51 New Designator=C21
Change Component Designator: Old Designator=C51 New Designator=C24
Change Component Designator: Old Designator=C51 New Designator=C26
Change Component Designator: Old Designator=C51 New Designator=C27
Change Component Designator: Old Designator=C51 New Designator=C28
Change Component Designator: Old Designator=C51 New Designator=C29
Change Component Designator: Old Designator=C51 New Designator=C30
Change Component Designator: Old Designator=C51 New Designator=C31
Change Component Designator: Old Designator=C51 New Designator=C32
Change Component Designator: Old Designator=C51 New Designator=C38
Change Component Designator: Old Designator=D1 New Designator=D24
Change Component Designator: Old Designator=D1 New Designator=D26
Change Component Designator: Old Designator=D2 New Designator=D25
Change Component Designator: Old Designator=D6 New Designator=D1
Change Component Designator: Old Designator=D6 New Designator=D2
Change Component Designator: Old Designator=D6 New Designator=D3
Change Component Designator: Old Designator=D6 New Designator=D4
Change Component Designator: Old Designator=D6 New Designator=D5
Change Component Designator: Old Designator=D6 New Designator=D7
Change Component Designator: Old Designator=D6 New Designator=D8
Change Component Designator: Old Designator=D6 New Designator=D9
Change Component Designator: Old Designator=D6 New Designator=D10
Change Component Designator: Old Designator=D6 New Designator=D11
Change Component Designator: Old Designator=D6 New Designator=D12
Change Component Designator: Old Designator=D6 New Designator=D13
Change Component Designator: Old Designator=D6 New Designator=D14
Change Component Designator: Old Designator=D6 New Designator=D15
Change Component Designator: Old Designator=D6 New Designator=D16
Change Component Designator: Old Designator=D6 New Designator=D17
Change Component Designator: Old Designator=D6 New Designator=D18
Change Component Designator: Old Designator=D6 New Designator=D19
Change Component Designator: Old Designator=D6 New Designator=D20
Change Component Designator: Old Designator=D6 New Designator=D21
Change Component Designator: Old Designator=D6 New Designator=D22
Change Component Designator: Old Designator=D6 New Designator=D23
Change Component Designator: Old Designator=F3 New Designator=F2
Change Component Designator: Old Designator=K5 New Designator=K6
Change Component Designator: Old Designator=K6 New Designator=K7
Change Component Designator: Old Designator=K7 New Designator=K8
Change Component Designator: Old Designator=K8 New Designator=K11
Change Component Designator: Old Designator=K9 New Designator=K12
Change Component Designator: Old Designator=K10 New Designator=K15
Change Component Designator: Old Designator=K11 New Designator=K5
Change Component Designator: Old Designator=K12 New Designator=K16
Change Component Designator: Old Designator=K13 New Designator=K19
Change Component Designator: Old Designator=K14 New Designator=K20
Change Component Designator: Old Designator=K15 New Designator=K21
Change Component Designator: Old Designator=K16 New Designator=K22
Change Component Designator: Old Designator=K17 New Designator=K9
Change Component Designator: Old Designator=K18 New Designator=K10
Change Component Designator: Old Designator=K19 New Designator=K13
Change Component Designator: Old Designator=K20 New Designator=K14
Change Component Designator: Old Designator=K21 New Designator=K17
Change Component Designator: Old Designator=K22 New Designator=K18
Change Component Designator: Old Designator=L1 New Designator=L2
Change Component Designator: Old Designator=L1 New Designator=L3
Change Component Designator: Old Designator=P1 New Designator=P3
Change Component Designator: Old Designator=P2 New Designator=P4
Change Component Designator: Old Designator=P3 New Designator=P5
Change Component Designator: Old Designator=P4 New Designator=P6
Change Component Designator: Old Designator=P5 New Designator=P1
Change Component Designator: Old Designator=P6 New Designator=P2
Change Component Designator: Old Designator=P7 New Designator=P9
Change Component Designator: Old Designator=P8 New Designator=P10
Change Component Designator: Old Designator=P9 New Designator=P7
Change Component Designator: Old Designator=P10 New Designator=P8
Change Component Designator: Old Designator=R1 New Designator=R17
Change Component Designator: Old Designator=R1 New Designator=R18
Change Component Designator: Old Designator=R1 New Designator=R19
Change Component Designator: Old Designator=R1 New Designator=R20
Change Component Designator: Old Designator=R1 New Designator=R21
Change Component Designator: Old Designator=R1 New Designator=R22
Change Component Designator: Old Designator=R1 New Designator=R23
Change Component Designator: Old Designator=R1 New Designator=R24
Change Component Designator: Old Designator=R1 New Designator=R25
Change Component Designator: Old Designator=R1 New Designator=R26
Change Component Designator: Old Designator=R1 New Designator=R29
Change Component Designator: Old Designator=R1 New Designator=R30
Change Component Designator: Old Designator=R1 New Designator=R34
Change Component Designator: Old Designator=R1 New Designator=R35
Change Component Designator: Old Designator=R1 New Designator=R36
Change Component Designator: Old Designator=R1 New Designator=R37
Change Component Designator: Old Designator=R1 New Designator=R39
Change Component Designator: Old Designator=R1 New Designator=R40
Change Component Designator: Old Designator=R1 New Designator=R41
Change Component Designator: Old Designator=R1 New Designator=R42
Change Component Designator: Old Designator=R1 New Designator=R43
Change Component Designator: Old Designator=R1 New Designator=R44
Change Component Designator: Old Designator=R1 New Designator=R45
Change Component Designator: Old Designator=R1 New Designator=R50
Change Component Designator: Old Designator=R1 New Designator=R51
Change Component Designator: Old Designator=R1 New Designator=R52
Change Component Designator: Old Designator=R1 New Designator=R53
Change Component Designator: Old Designator=R1 New Designator=R54
Change Component Designator: Old Designator=R1 New Designator=R55
Change Component Designator: Old Designator=R1 New Designator=R56
Change Component Designator: Old Designator=R1 New Designator=R57
Change Component Designator: Old Designator=R1 New Designator=R62
Change Component Designator: Old Designator=R1 New Designator=R63
Change Component Designator: Old Designator=R1 New Designator=R64
Change Component Designator: Old Designator=R1 New Designator=R65
Change Component Designator: Old Designator=R1 New Designator=R66
Change Component Designator: Old Designator=R1 New Designator=R67
Change Component Designator: Old Designator=R1 New Designator=R72
Change Component Designator: Old Designator=R1 New Designator=R76
Change Component Designator: Old Designator=R1 New Designator=R80
Change Component Designator: Old Designator=R1 New Designator=R81
Change Component Designator: Old Designator=R11 New Designator=R13
Change Component Designator: Old Designator=R12 New Designator=R15
Change Component Designator: Old Designator=R13 New Designator=R27
Change Component Designator: Old Designator=R14 New Designator=R11
Change Component Designator: Old Designator=R15 New Designator=R12
Change Component Designator: Old Designator=R16 New Designator=R31
Change Component Designator: Old Designator=R17 New Designator=R46
Change Component Designator: Old Designator=R18 New Designator=R47
Change Component Designator: Old Designator=R19 New Designator=R48
Change Component Designator: Old Designator=R20 New Designator=R49
Change Component Designator: Old Designator=R22 New Designator=R59
Change Component Designator: Old Designator=R23 New Designator=R61
Change Component Designator: Old Designator=R24 New Designator=R58
Change Component Designator: Old Designator=R24 New Designator=R60
Change Component Designator: Old Designator=R24 New Designator=R73
Change Component Designator: Old Designator=R24 New Designator=R74
Change Component Designator: Old Designator=R24 New Designator=R75
Change Component Designator: Old Designator=R24 New Designator=R79
Change Component Designator: Old Designator=R25 New Designator=R33
Change Component Designator: Old Designator=R26 New Designator=R68
Change Component Designator: Old Designator=R27 New Designator=R38
Change Component Designator: Old Designator=R28 New Designator=R69
Change Component Designator: Old Designator=R29 New Designator=R14
Change Component Designator: Old Designator=R29 New Designator=R70
Change Component Designator: Old Designator=R30 New Designator=R16
Change Component Designator: Old Designator=R30 New Designator=R71
Change Component Designator: Old Designator=R31 New Designator=R28
Change Component Designator: Old Designator=R31 New Designator=R77
Change Component Designator: Old Designator=R32 New Designator=R78
Change Component Designator: Old Designator=U7 New Designator=U9
Change Component Designator: Old Designator=U8 New Designator=U12
Change Component Designator: Old Designator=U9 New Designator=U13
Change Component Designator: Old Designator=U11 New Designator=U17
Change Component Designator: Old Designator=U12 New Designator=U19
Change Component Designator: Old Designator=U13 New Designator=U20
Change Component Designator: Old Designator=U13 New Designator=U32
Change Component Designator: Old Designator=U14 New Designator=U11
Change Component Designator: Old Designator=U15 New Designator=U21
Change Component Designator: Old Designator=U16 New Designator=U7
Change Component Designator: Old Designator=U16 New Designator=U24
Change Component Designator: Old Designator=U17 New Designator=U29
Change Component Designator: Old Designator=U18 New Designator=U10
Change Component Designator: Old Designator=U18 New Designator=U28
Change Component Designator: Old Designator=U19 New Designator=U25
Change Component Designator: Old Designator=U19 New Designator=U31
Change Component Designator: Old Designator=U? New Designator=U8
Change Component Designator: Old Designator=U? New Designator=U14
Change Component Designator: Old Designator=U? New Designator=U15
Change Component Designator: Old Designator=U? New Designator=U16
Change Component Designator: Old Designator=U? New Designator=U18
Change Component Designator: Old Designator=U? New Designator=U22
Change Component Designator: Old Designator=U? New Designator=U23
Change Component Designator: Old Designator=U? New Designator=U26
Change Component Designator: Old Designator=U? New Designator=U27
Change Component Designator: Old Designator=U? New Designator=U30
