Removed Pin From Net: NetName=RH1 Pin=P4-1
Removed Pin From Net: NetName=RC1 Pin=P4-2
Removed Pin From Net: NetName=C1 Pin=P4-3
Removed Pin From Net: NetName=Y2/1 Pin=P4-4
Removed Pin From Net: NetName=Y2/2 Pin=P4-5
Removed Pin From Net: NetName=G2 Pin=P4-6
Removed Pin From Net: NetName=OB2 Pin=P4-7
Removed Pin From Net: NetName=AUX2 Pin=P4-8
Removed Pin From Net: NetName=W2/1 Pin=P4-9
Removed Pin From Net: NetName=W2/2 Pin=P4-10
Added Pin To Net: NetName=W2/2 Pin=P4-1
Added Pin To Net: NetName=W2/1 Pin=P4-2
Added Pin To Net: NetName=AUX2 Pin=P4-3
Added Pin To Net: NetName=OB2 Pin=P4-4
Added Pin To Net: NetName=G2 Pin=P4-5
Added Pin To Net: NetName=Y2/2 Pin=P4-6
Added Pin To Net: NetName=Y2/1 Pin=P4-7
Added Pin To Net: NetName=C1 Pin=P4-8
Added Pin To Net: NetName=RC1 Pin=P4-9
Added Pin To Net: NetName=RH1 Pin=P4-10
