Change Component Designator: Old Designator=C19 New Designator=C9
Change Component Designator: Old Designator=C19 New Designator=C10
Change Component Designator: Old Designator=C53 New Designator=C1
Change Component Designator: Old Designator=C53 New Designator=C2
Change Component Designator: Old Designator=C53 New Designator=C3
Change Component Designator: Old Designator=C53 New Designator=C4
Change Component Designator: Old Designator=C53 New Designator=C5
Change Component Designator: Old Designator=C53 New Designator=C6
Change Component Designator: Old Designator=C53 New Designator=C7
Change Component Designator: Old Designator=C53 New Designator=C8
Change Component Designator: Old Designator=D4 New Designator=D1
Change Component Designator: Old Designator=K1 New Designator=K2
Change Component Designator: Old Designator=K1 New Designator=K3
Change Component Designator: Old Designator=K1 New Designator=K4
Change Component Designator: Old Designator=K1 New Designator=K5
Change Component Designator: Old Designator=K1 New Designator=K6
Change Component Designator: Old Designator=K1 New Designator=K7
Change Component Designator: Old Designator=K1 New Designator=K8
Change Component Designator: Old Designator=K1 New Designator=K9
Change Component Designator: Old Designator=K1 New Designator=K10
Change Component Designator: Old Designator=K1 New Designator=K11
Change Component Designator: Old Designator=K1 New Designator=K12
Change Component Designator: Old Designator=K1 New Designator=K13
Change Component Designator: Old Designator=K1 New Designator=K14
Change Component Designator: Old Designator=K1 New Designator=K15
Change Component Designator: Old Designator=K1 New Designator=K16
Change Component Designator: Old Designator=K1 New Designator=K17
Change Component Designator: Old Designator=K1 New Designator=K18
Change Component Designator: Old Designator=K1 New Designator=K19
Change Component Designator: Old Designator=K1 New Designator=K20
Change Component Designator: Old Designator=K1 New Designator=K21
Change Component Designator: Old Designator=K1 New Designator=K22
Change Component Designator: Old Designator=P7 New Designator=P5
Change Component Designator: Old Designator=P7 New Designator=P6
Change Component Designator: Old Designator=P? New Designator=P1
Change Component Designator: Old Designator=P? New Designator=P2
Change Component Designator: Old Designator=P? New Designator=P3
Change Component Designator: Old Designator=P? New Designator=P4
Change Component Designator: Old Designator=P? New Designator=P7
Change Component Designator: Old Designator=P? New Designator=P8
Change Component Designator: Old Designator=P? New Designator=P9
Change Component Designator: Old Designator=P? New Designator=P10
Change Component Designator: Old Designator=P? New Designator=P11
Change Component Designator: Old Designator=P? New Designator=P12
Change Component Designator: Old Designator=Q2 New Designator=Q1
Change Component Designator: Old Designator=Q2 New Designator=Q3
Change Component Designator: Old Designator=Q2 New Designator=Q4
Change Component Designator: Old Designator=R27 New Designator=R1
Change Component Designator: Old Designator=R27 New Designator=R2
Change Component Designator: Old Designator=R27 New Designator=R6
Change Component Designator: Old Designator=R27 New Designator=R7
Change Component Designator: Old Designator=R27 New Designator=R8
Change Component Designator: Old Designator=R27 New Designator=R9
Change Component Designator: Old Designator=R27 New Designator=R10
Change Component Designator: Old Designator=R27 New Designator=R11
Change Component Designator: Old Designator=R27 New Designator=R12
Change Component Designator: Old Designator=R27 New Designator=R13
Change Component Designator: Old Designator=R27 New Designator=R16
Change Component Designator: Old Designator=R27 New Designator=R17
Change Component Designator: Old Designator=R27 New Designator=R18
Change Component Designator: Old Designator=R27 New Designator=R19
Change Component Designator: Old Designator=R27 New Designator=R20
Change Component Designator: Old Designator=R27 New Designator=R22
Change Component Designator: Old Designator=R27 New Designator=R23
Change Component Designator: Old Designator=R27 New Designator=R24
Change Component Designator: Old Designator=R27 New Designator=R26
Change Component Designator: Old Designator=R27 New Designator=R28
Change Component Designator: Old Designator=R27 New Designator=R29
Change Component Designator: Old Designator=R27 New Designator=R30
Change Component Designator: Old Designator=R27 New Designator=R31
Change Component Designator: Old Designator=R27 New Designator=R32
Change Component Designator: Old Designator=R36 New Designator=R3
Change Component Designator: Old Designator=R36 New Designator=R4
Change Component Designator: Old Designator=R36 New Designator=R5
Change Component Designator: Old Designator=R36 New Designator=R14
Change Component Designator: Old Designator=R36 New Designator=R15
Change Component Designator: Old Designator=R36 New Designator=R21
Change Component Designator: Old Designator=R36 New Designator=R25
Change Component Designator: Old Designator=R36 New Designator=R27
Change Component Designator: Old Designator=S1 New Designator=S2
Change Component Designator: Old Designator=S? New Designator=S1
Change Component Designator: Old Designator=U1 New Designator=U2
Change Component Designator: Old Designator=U1 New Designator=U4
Change Component Designator: Old Designator=U3 New Designator=U1
Change Component Designator: Old Designator=U3 New Designator=U5
Change Component Designator: Old Designator=U? New Designator=U6
Change Component Designator: Old Designator=U? New Designator=U7
Change Component Designator: Old Designator=U? New Designator=U8
Change Component Designator: Old Designator=U? New Designator=U9
Change Component Designator: Old Designator=U? New Designator=U10
Change Component Designator: Old Designator=U? New Designator=U11
Change Component Designator: Old Designator=U? New Designator=U12
Change Component Designator: Old Designator=U? New Designator=U13
Change Component Designator: Old Designator=U? New Designator=U14
Change Component Designator: Old Designator=U? New Designator=U15
Change Component Designator: Old Designator=U? New Designator=U16
Change Component Designator: Old Designator=U? New Designator=U17
Change Component Designator: Old Designator=U? New Designator=U18
Change Component Designator: Old Designator=U? New Designator=U19
