Change Component Designator: Old Designator=C1 New Designator=C2
Change Component Designator: Old Designator=C1 New Designator=C3
Change Component Designator: Old Designator=C1 New Designator=C4
Change Component Designator: Old Designator=C1 New Designator=C5
Change Component Designator: Old Designator=C1 New Designator=C6
Change Component Designator: Old Designator=C1 New Designator=C15
Change Component Designator: Old Designator=C1 New Designator=C46
Change Component Designator: Old Designator=C1 New Designator=C47
Change Component Designator: Old Designator=C11 New Designator=C12
Change Component Designator: Old Designator=C11 New Designator=C20
Change Component Designator: Old Designator=C11 New Designator=C21
Change Component Designator: Old Designator=C11 New Designator=C34
Change Component Designator: Old Designator=C11 New Designator=C35
Change Component Designator: Old Designator=C11 New Designator=C38
Change Component Designator: Old Designator=C11 New Designator=C39
Change Component Designator: Old Designator=C11 New Designator=C40
Change Component Designator: Old Designator=C11 New Designator=C48
Change Component Designator: Old Designator=C11 New Designator=C49
Change Component Designator: Old Designator=C11 New Designator=C50
Change Component Designator: Old Designator=C11 New Designator=C53
Change Component Designator: Old Designator=C11 New Designator=C54
Change Component Designator: Old Designator=C11 New Designator=C59
Change Component Designator: Old Designator=C11 New Designator=C61
Change Component Designator: Old Designator=C11 New Designator=C91
Change Component Designator: Old Designator=C11 New Designator=C93
Change Component Designator: Old Designator=K3 New Designator=K1
Change Component Designator: Old Designator=K3 New Designator=K2
Change Component Designator: Old Designator=K3 New Designator=K4
Change Component Designator: Old Designator=K3 New Designator=K5
Change Component Designator: Old Designator=K3 New Designator=K6
Change Component Designator: Old Designator=K3 New Designator=K7
Change Component Designator: Old Designator=K3 New Designator=K8
Change Component Designator: Old Designator=K3 New Designator=K9
Change Component Designator: Old Designator=K3 New Designator=K10
Change Component Designator: Old Designator=K3 New Designator=K11
Change Component Designator: Old Designator=K3 New Designator=K12
Change Component Designator: Old Designator=K3 New Designator=K13
Change Component Designator: Old Designator=K3 New Designator=K14
Change Component Designator: Old Designator=K3 New Designator=K15
Change Component Designator: Old Designator=K3 New Designator=K16
Change Component Designator: Old Designator=K3 New Designator=K17
Change Component Designator: Old Designator=K3 New Designator=K18
Change Component Designator: Old Designator=K3 New Designator=K19
Change Component Designator: Old Designator=K3 New Designator=K20
Change Component Designator: Old Designator=K3 New Designator=K21
Change Component Designator: Old Designator=K3 New Designator=K22
Change Component Designator: Old Designator=L1 New Designator=L2
Change Component Designator: Old Designator=P7 New Designator=P8
Change Component Designator: Old Designator=P7 New Designator=P9
Change Component Designator: Old Designator=P7 New Designator=P11
Change Component Designator: Old Designator=P7 New Designator=P12
Change Component Designator: Old Designator=P7 New Designator=P14
Change Component Designator: Old Designator=P7 New Designator=P17
Change Component Designator: Old Designator=P7 New Designator=P18
Change Component Designator: Old Designator=P7 New Designator=P20
Change Component Designator: Old Designator=P10 New Designator=P13
Change Component Designator: Old Designator=P10 New Designator=P15
Change Component Designator: Old Designator=R19 New Designator=R22
Change Component Designator: Old Designator=R19 New Designator=R23
Change Component Designator: Old Designator=R19 New Designator=R24
Change Component Designator: Old Designator=R19 New Designator=R25
Change Component Designator: Old Designator=R19 New Designator=R26
Change Component Designator: Old Designator=R19 New Designator=R27
Change Component Designator: Old Designator=R19 New Designator=R28
Change Component Designator: Old Designator=R19 New Designator=R31
Change Component Designator: Old Designator=R19 New Designator=R32
Change Component Designator: Old Designator=R19 New Designator=R35
Change Component Designator: Old Designator=R19 New Designator=R36
Change Component Designator: Old Designator=R19 New Designator=R37
Change Component Designator: Old Designator=R19 New Designator=R38
Change Component Designator: Old Designator=R19 New Designator=R39
Change Component Designator: Old Designator=R19 New Designator=R40
Change Component Designator: Old Designator=R19 New Designator=R41
Change Component Designator: Old Designator=R19 New Designator=R112
Change Component Designator: Old Designator=R33 New Designator=R34
Change Component Designator: Old Designator=R33 New Designator=R48
Change Component Designator: Old Designator=R33 New Designator=R49
Change Component Designator: Old Designator=R33 New Designator=R63
Change Component Designator: Old Designator=R33 New Designator=R64
Change Component Designator: Old Designator=R33 New Designator=R78
Change Component Designator: Old Designator=R33 New Designator=R79
Change Component Designator: Old Designator=R33 New Designator=R82
Change Component Designator: Old Designator=R33 New Designator=R83
Change Component Designator: Old Designator=R52 New Designator=R53
Change Component Designator: Old Designator=R52 New Designator=R54
Change Component Designator: Old Designator=R52 New Designator=R55
Change Component Designator: Old Designator=R52 New Designator=R67
Change Component Designator: Old Designator=R52 New Designator=R68
Change Component Designator: Old Designator=R52 New Designator=R69
Change Component Designator: Old Designator=R52 New Designator=R70
Change Component Designator: Old Designator=R52 New Designator=R71
Change Component Designator: Old Designator=R52 New Designator=R72
Change Component Designator: Old Designator=R52 New Designator=R84
Change Component Designator: Old Designator=R52 New Designator=R85
Change Component Designator: Old Designator=R52 New Designator=R86
Change Component Designator: Old Designator=R52 New Designator=R87
Change Component Designator: Old Designator=R52 New Designator=R88
Change Component Designator: Old Designator=R52 New Designator=R89
Change Component Designator: Old Designator=R52 New Designator=R90
Change Component Designator: Old Designator=R52 New Designator=R91
Change Component Designator: Old Designator=R52 New Designator=R96
Change Component Designator: Old Designator=R52 New Designator=R97
Change Component Designator: Old Designator=R52 New Designator=R98
Change Component Designator: Old Designator=R52 New Designator=R99
Change Component Designator: Old Designator=R52 New Designator=R100
Change Component Designator: Old Designator=R52 New Designator=R101
Change Component Designator: Old Designator=R52 New Designator=R102
Change Component Designator: Old Designator=R93 New Designator=R103
Change Component Designator: Old Designator=R93 New Designator=R106
Change Component Designator: Old Designator=R108 New Designator=R111
Change Component Designator: Old Designator=U7 New Designator=U8
Change Component Designator: Old Designator=U7 New Designator=U9
Change Component Designator: Old Designator=U7 New Designator=U10
Change Component Designator: Old Designator=U7 New Designator=U14
Change Component Designator: Old Designator=U7 New Designator=U15
Change Component Designator: Old Designator=U7 New Designator=U19
Change Component Designator: Old Designator=U7 New Designator=U20
Change Component Designator: Old Designator=U7 New Designator=U21
Change Component Designator: Old Designator=U7 New Designator=U22
Change Component Designator: Old Designator=U12 New Designator=U13
Change Component Designator: Old Designator=U12 New Designator=U17
Change Component Designator: Old Designator=U12 New Designator=U18
Change Component Designator: Old Designator=U? New Designator=U38
