Change Component Designator: Old Designator=C10 New Designator=C9
Change Component Designator: Old Designator=C11 New Designator=C10
Change Component Designator: Old Designator=C12 New Designator=C11
Change Component Designator: Old Designator=C13 New Designator=C12
Change Component Designator: Old Designator=C14 New Designator=C13
Change Component Designator: Old Designator=C15 New Designator=C14
Change Component Designator: Old Designator=C16 New Designator=C15
Change Component Designator: Old Designator=C17 New Designator=C16
Change Component Designator: Old Designator=C18 New Designator=C17
Change Component Designator: Old Designator=C19 New Designator=C18
Change Component Designator: Old Designator=C20 New Designator=C19
Change Component Designator: Old Designator=C21 New Designator=C20
Change Component Designator: Old Designator=C22 New Designator=C21
Change Component Designator: Old Designator=C22 New Designator=C68
Change Component Designator: Old Designator=C22 New Designator=C81
Change Component Designator: Old Designator=C23 New Designator=C22
Change Component Designator: Old Designator=C24 New Designator=C23
Change Component Designator: Old Designator=C25 New Designator=C24
Change Component Designator: Old Designator=C26 New Designator=C25
Change Component Designator: Old Designator=C27 New Designator=C26
Change Component Designator: Old Designator=C28 New Designator=C27
Change Component Designator: Old Designator=C29 New Designator=C28
Change Component Designator: Old Designator=C30 New Designator=C29
Change Component Designator: Old Designator=C31 New Designator=C30
Change Component Designator: Old Designator=C32 New Designator=C31
Change Component Designator: Old Designator=C33 New Designator=C32
Change Component Designator: Old Designator=C34 New Designator=C33
Change Component Designator: Old Designator=C35 New Designator=C34
Change Component Designator: Old Designator=C36 New Designator=C35
Change Component Designator: Old Designator=C37 New Designator=C36
Change Component Designator: Old Designator=C38 New Designator=C37
Change Component Designator: Old Designator=C39 New Designator=C38
Change Component Designator: Old Designator=C40 New Designator=C39
Change Component Designator: Old Designator=C41 New Designator=C40
Change Component Designator: Old Designator=C42 New Designator=C41
Change Component Designator: Old Designator=C42 New Designator=C51
Change Component Designator: Old Designator=C43 New Designator=C42
Change Component Designator: Old Designator=C44 New Designator=C43
Change Component Designator: Old Designator=C45 New Designator=C44
Change Component Designator: Old Designator=C46 New Designator=C45
Change Component Designator: Old Designator=C47 New Designator=C46
Change Component Designator: Old Designator=C48 New Designator=C47
Change Component Designator: Old Designator=C49 New Designator=C48
Change Component Designator: Old Designator=C50 New Designator=C49
Change Component Designator: Old Designator=C51 New Designator=C50
Change Component Designator: Old Designator=C55 New Designator=C56
Change Component Designator: Old Designator=C55 New Designator=C87
Change Component Designator: Old Designator=C56 New Designator=C57
Change Component Designator: Old Designator=C56 New Designator=C77
Change Component Designator: Old Designator=C56 New Designator=C80
Change Component Designator: Old Designator=C56 New Designator=C85
Change Component Designator: Old Designator=C56 New Designator=C86
Change Component Designator: Old Designator=C56 New Designator=C88
Change Component Designator: Old Designator=C57 New Designator=C55
Change Component Designator: Old Designator=C59 New Designator=C64
Change Component Designator: Old Designator=C60 New Designator=C65
Change Component Designator: Old Designator=C61 New Designator=C66
Change Component Designator: Old Designator=C64 New Designator=C60
Change Component Designator: Old Designator=C64 New Designator=C61
Change Component Designator: Old Designator=C64 New Designator=C69
Change Component Designator: Old Designator=C64 New Designator=C71
Change Component Designator: Old Designator=C65 New Designator=C59
Change Component Designator: Old Designator=C65 New Designator=C62
Change Component Designator: Old Designator=C65 New Designator=C70
Change Component Designator: Old Designator=C65 New Designator=C72
Change Component Designator: Old Designator=C66 New Designator=C63
Change Component Designator: Old Designator=C82 New Designator=C78
Change Component Designator: Old Designator=C83 New Designator=C67
Change Component Designator: Old Designator=C83 New Designator=C79
Change Component Designator: Old Designator=C85 New Designator=C73
Change Component Designator: Old Designator=C85 New Designator=C82
Change Component Designator: Old Designator=C86 New Designator=C74
Change Component Designator: Old Designator=C86 New Designator=C83
Change Component Designator: Old Designator=C87 New Designator=C75
Change Component Designator: Old Designator=C87 New Designator=C84
Change Component Designator: Old Designator=C90 New Designator=C89
Change Component Designator: Old Designator=D2 New Designator=D10
Change Component Designator: Old Designator=D2 New Designator=D22
Change Component Designator: Old Designator=D2 New Designator=D34
Change Component Designator: Old Designator=D3 New Designator=D35
Change Component Designator: Old Designator=D5 New Designator=D4
Change Component Designator: Old Designator=D6 New Designator=D5
Change Component Designator: Old Designator=D7 New Designator=D6
Change Component Designator: Old Designator=D8 New Designator=D7
Change Component Designator: Old Designator=D9 New Designator=D8
Change Component Designator: Old Designator=D9 New Designator=D14
Change Component Designator: Old Designator=D9 New Designator=D15
Change Component Designator: Old Designator=D9 New Designator=D16
Change Component Designator: Old Designator=D9 New Designator=D17
Change Component Designator: Old Designator=D9 New Designator=D26
Change Component Designator: Old Designator=D9 New Designator=D27
Change Component Designator: Old Designator=D21 New Designator=D28
Change Component Designator: Old Designator=D22 New Designator=D23
Change Component Designator: Old Designator=D25 New Designator=D24
Change Component Designator: Old Designator=D26 New Designator=D25
Change Component Designator: Old Designator=D30 New Designator=D29
Change Component Designator: Old Designator=D30 New Designator=D31
Change Component Designator: Old Designator=D30 New Designator=D32
Change Component Designator: Old Designator=D30 New Designator=D33
Change Component Designator: Old Designator=D30 New Designator=D36
Change Component Designator: Old Designator=F1 New Designator=F2
Change Component Designator: Old Designator=J? New Designator=J1
Change Component Designator: Old Designator=L3 New Designator=L1
Change Component Designator: Old Designator=L3 New Designator=L2
Change Component Designator: Old Designator=P6 New Designator=P10
Change Component Designator: Old Designator=P6 New Designator=P13
Change Component Designator: Old Designator=P6 New Designator=P15
Change Component Designator: Old Designator=P7 New Designator=P17
Change Component Designator: Old Designator=P7 New Designator=P18
Change Component Designator: Old Designator=P7 New Designator=P20
Change Component Designator: Old Designator=P10 New Designator=P11
Change Component Designator: Old Designator=P10 New Designator=P22
Change Component Designator: Old Designator=P10 New Designator=P23
Change Component Designator: Old Designator=P13 New Designator=P14
Change Component Designator: Old Designator=P15 New Designator=P16
Change Component Designator: Old Designator=P16 New Designator=P19
Change Component Designator: Old Designator=P17 New Designator=P21
Change Component Designator: Old Designator=P? New Designator=P24
Change Component Designator: Old Designator=R11 New Designator=R12
Change Component Designator: Old Designator=R12 New Designator=R13
Change Component Designator: Old Designator=R13 New Designator=R14
Change Component Designator: Old Designator=R14 New Designator=R15
Change Component Designator: Old Designator=R15 New Designator=R16
Change Component Designator: Old Designator=R16 New Designator=R17
Change Component Designator: Old Designator=R17 New Designator=R18
Change Component Designator: Old Designator=R18 New Designator=R19
Change Component Designator: Old Designator=R19 New Designator=R21
Change Component Designator: Old Designator=R20 New Designator=R22
Change Component Designator: Old Designator=R21 New Designator=R23
Change Component Designator: Old Designator=R66 New Designator=R67
Change Component Designator: Old Designator=R67 New Designator=R68
Change Component Designator: Old Designator=R68 New Designator=R69
Change Component Designator: Old Designator=R69 New Designator=R70
Change Component Designator: Old Designator=R70 New Designator=R71
Change Component Designator: Old Designator=R71 New Designator=R72
Change Component Designator: Old Designator=R72 New Designator=R73
Change Component Designator: Old Designator=R73 New Designator=R74
Change Component Designator: Old Designator=R74 New Designator=R75
Change Component Designator: Old Designator=R75 New Designator=R76
Change Component Designator: Old Designator=R76 New Designator=R77
Change Component Designator: Old Designator=R77 New Designator=R78
Change Component Designator: Old Designator=R78 New Designator=R11
Change Component Designator: Old Designator=R78 New Designator=R79
Change Component Designator: Old Designator=R79 New Designator=R80
Change Component Designator: Old Designator=R80 New Designator=R81
Change Component Designator: Old Designator=R81 New Designator=R82
Change Component Designator: Old Designator=R82 New Designator=R83
Change Component Designator: Old Designator=R83 New Designator=R84
Change Component Designator: Old Designator=R84 New Designator=R85
Change Component Designator: Old Designator=R85 New Designator=R86
Change Component Designator: Old Designator=R86 New Designator=R87
Change Component Designator: Old Designator=R87 New Designator=R88
Change Component Designator: Old Designator=R88 New Designator=R89
Change Component Designator: Old Designator=R89 New Designator=R90
Change Component Designator: Old Designator=R90 New Designator=R91
Change Component Designator: Old Designator=R91 New Designator=R93
Change Component Designator: Old Designator=R91 New Designator=R94
Change Component Designator: Old Designator=R91 New Designator=R103
Change Component Designator: Old Designator=R91 New Designator=R106
Change Component Designator: Old Designator=R91 New Designator=R112
Change Component Designator: Old Designator=R91 New Designator=R115
Change Component Designator: Old Designator=R92 New Designator=R95
Change Component Designator: Old Designator=R92 New Designator=R96
Change Component Designator: Old Designator=R93 New Designator=R97
Change Component Designator: Old Designator=R94 New Designator=R98
Change Component Designator: Old Designator=R95 New Designator=R99
Change Component Designator: Old Designator=R96 New Designator=R100
Change Component Designator: Old Designator=R97 New Designator=R101
Change Component Designator: Old Designator=R98 New Designator=R104
Change Component Designator: Old Designator=R105 New Designator=R111
Change Component Designator: Old Designator=R106 New Designator=R20
Change Component Designator: Old Designator=R106 New Designator=R92
Change Component Designator: Old Designator=R106 New Designator=R102
Change Component Designator: Old Designator=R106 New Designator=R105
Change Component Designator: Old Designator=R106 New Designator=R107
Change Component Designator: Old Designator=R106 New Designator=R108
Change Component Designator: Old Designator=R106 New Designator=R110
Change Component Designator: Old Designator=R106 New Designator=R113
Change Component Designator: Old Designator=R107 New Designator=R109
Change Component Designator: Old Designator=R107 New Designator=R114
Change Component Designator: Old Designator=U28 New Designator=U29
Change Component Designator: Old Designator=U29 New Designator=U30
Change Component Designator: Old Designator=U31 New Designator=U33
Change Component Designator: Old Designator=U39 New Designator=U36
Change Component Designator: Old Designator=U40 New Designator=U32
Change Component Designator: Old Designator=U40 New Designator=U37
Change Component Designator: Old Designator=U41 New Designator=U39
Change Component Designator: Old Designator=U? New Designator=U28
Change Component Designator: Old Designator=U? New Designator=U31
Change Component Designator: Old Designator=U? New Designator=U38
