Change Component Designator: Old Designator=BQ3 New Designator=BQ1
Change Component Designator: Old Designator=C17 New Designator=C18
Change Component Designator: Old Designator=C17 New Designator=C31
Change Component Designator: Old Designator=C17 New Designator=C32
Change Component Designator: Old Designator=C60 New Designator=C41
Change Component Designator: Old Designator=C60 New Designator=C58
Change Component Designator: Old Designator=C60 New Designator=C62
Change Component Designator: Old Designator=C61 New Designator=C42
Change Component Designator: Old Designator=C61 New Designator=C57
Change Component Designator: Old Designator=C61 New Designator=C63
Change Component Designator: Old Designator=C69 New Designator=C70
Change Component Designator: Old Designator=C69 New Designator=C83
Change Component Designator: Old Designator=C69 New Designator=C84
Change Component Designator: Old Designator=C72 New Designator=C1
Change Component Designator: Old Designator=C72 New Designator=C2
Change Component Designator: Old Designator=C72 New Designator=C3
Change Component Designator: Old Designator=C72 New Designator=C4
Change Component Designator: Old Designator=C72 New Designator=C5
Change Component Designator: Old Designator=C72 New Designator=C6
Change Component Designator: Old Designator=C72 New Designator=C8
Change Component Designator: Old Designator=C72 New Designator=C10
Change Component Designator: Old Designator=C72 New Designator=C11
Change Component Designator: Old Designator=C72 New Designator=C14
Change Component Designator: Old Designator=C72 New Designator=C19
Change Component Designator: Old Designator=C72 New Designator=C20
Change Component Designator: Old Designator=C72 New Designator=C25
Change Component Designator: Old Designator=C72 New Designator=C33
Change Component Designator: Old Designator=C72 New Designator=C34
Change Component Designator: Old Designator=C72 New Designator=C37
Change Component Designator: Old Designator=C72 New Designator=C38
Change Component Designator: Old Designator=C72 New Designator=C39
Change Component Designator: Old Designator=C72 New Designator=C45
Change Component Designator: Old Designator=C72 New Designator=C46
Change Component Designator: Old Designator=C72 New Designator=C47
Change Component Designator: Old Designator=C72 New Designator=C48
Change Component Designator: Old Designator=C72 New Designator=C49
Change Component Designator: Old Designator=C72 New Designator=C50
Change Component Designator: Old Designator=C72 New Designator=C51
Change Component Designator: Old Designator=C72 New Designator=C53
Change Component Designator: Old Designator=C72 New Designator=C56
Change Component Designator: Old Designator=C72 New Designator=C75
Change Component Designator: Old Designator=C72 New Designator=C79
Change Component Designator: Old Designator=C72 New Designator=C86
Change Component Designator: Old Designator=C72 New Designator=C88
Change Component Designator: Old Designator=D3 New Designator=D4
Change Component Designator: Old Designator=D4 New Designator=D3
Change Component Designator: Old Designator=D4 New Designator=D5
Change Component Designator: Old Designator=D4 New Designator=D27
Change Component Designator: Old Designator=D4 New Designator=D29
Change Component Designator: Old Designator=D5 New Designator=D6
Change Component Designator: Old Designator=D6 New Designator=D7
Change Component Designator: Old Designator=D7 New Designator=D8
Change Component Designator: Old Designator=D8 New Designator=D9
Change Component Designator: Old Designator=D9 New Designator=D10
Change Component Designator: Old Designator=D10 New Designator=D11
Change Component Designator: Old Designator=D11 New Designator=D12
Change Component Designator: Old Designator=D12 New Designator=D13
Change Component Designator: Old Designator=D13 New Designator=D14
Change Component Designator: Old Designator=D14 New Designator=D15
Change Component Designator: Old Designator=D15 New Designator=D16
Change Component Designator: Old Designator=D16 New Designator=D17
Change Component Designator: Old Designator=D17 New Designator=D18
Change Component Designator: Old Designator=D18 New Designator=D19
Change Component Designator: Old Designator=D19 New Designator=D20
Change Component Designator: Old Designator=D20 New Designator=D21
Change Component Designator: Old Designator=D21 New Designator=D22
Change Component Designator: Old Designator=D22 New Designator=D23
Change Component Designator: Old Designator=D23 New Designator=D24
Change Component Designator: Old Designator=D24 New Designator=D25
Change Component Designator: Old Designator=D25 New Designator=D26
Change Component Designator: Old Designator=D27 New Designator=D28
Change Component Designator: Old Designator=MK? New Designator=MK1
Change Component Designator: Old Designator=P3 New Designator=P4
Change Component Designator: Old Designator=P7 New Designator=P8
Change Component Designator: Old Designator=P7 New Designator=P9
Change Component Designator: Old Designator=P7 New Designator=P10
Change Component Designator: Old Designator=P7 New Designator=P11
Change Component Designator: Old Designator=P7 New Designator=P12
Change Component Designator: Old Designator=P7 New Designator=P13
Change Component Designator: Old Designator=P7 New Designator=P14
Change Component Designator: Old Designator=Q1 New Designator=Q2
Change Component Designator: Old Designator=Q2 New Designator=Q3
Change Component Designator: Old Designator=Q3 New Designator=Q1
Change Component Designator: Old Designator=Q3 New Designator=Q4
Change Component Designator: Old Designator=Q4 New Designator=Q5
Change Component Designator: Old Designator=Q5 New Designator=Q6
Change Component Designator: Old Designator=R12 New Designator=R14
Change Component Designator: Old Designator=R13 New Designator=R15
Change Component Designator: Old Designator=R14 New Designator=R17
Change Component Designator: Old Designator=R25 New Designator=R28
Change Component Designator: Old Designator=R26 New Designator=R29
Change Component Designator: Old Designator=R29 New Designator=R32
Change Component Designator: Old Designator=R30 New Designator=R33
Change Component Designator: Old Designator=R38 New Designator=R41
Change Component Designator: Old Designator=R39 New Designator=R42
Change Component Designator: Old Designator=R40 New Designator=R43
Change Component Designator: Old Designator=R41 New Designator=R44
Change Component Designator: Old Designator=R42 New Designator=R45
Change Component Designator: Old Designator=R43 New Designator=R46
Change Component Designator: Old Designator=R44 New Designator=R47
Change Component Designator: Old Designator=R45 New Designator=R48
Change Component Designator: Old Designator=R46 New Designator=R49
Change Component Designator: Old Designator=R47 New Designator=R50
Change Component Designator: Old Designator=R48 New Designator=R51
Change Component Designator: Old Designator=R49 New Designator=R52
Change Component Designator: Old Designator=R50 New Designator=R53
Change Component Designator: Old Designator=R51 New Designator=R54
Change Component Designator: Old Designator=R52 New Designator=R55
Change Component Designator: Old Designator=R53 New Designator=R56
Change Component Designator: Old Designator=R54 New Designator=R57
Change Component Designator: Old Designator=R55 New Designator=R58
Change Component Designator: Old Designator=R56 New Designator=R59
Change Component Designator: Old Designator=R57 New Designator=R60
Change Component Designator: Old Designator=R58 New Designator=R61
Change Component Designator: Old Designator=R59 New Designator=R22
Change Component Designator: Old Designator=R59 New Designator=R23
Change Component Designator: Old Designator=R59 New Designator=R62
Change Component Designator: Old Designator=R60 New Designator=R63
Change Component Designator: Old Designator=R61 New Designator=R64
Change Component Designator: Old Designator=R62 New Designator=R65
Change Component Designator: Old Designator=R63 New Designator=R66
Change Component Designator: Old Designator=R64 New Designator=R67
Change Component Designator: Old Designator=R65 New Designator=R68
Change Component Designator: Old Designator=R66 New Designator=R69
Change Component Designator: Old Designator=R67 New Designator=R70
Change Component Designator: Old Designator=R68 New Designator=R71
Change Component Designator: Old Designator=R69 New Designator=R72
Change Component Designator: Old Designator=R70 New Designator=R73
Change Component Designator: Old Designator=R71 New Designator=R74
Change Component Designator: Old Designator=R72 New Designator=R12
Change Component Designator: Old Designator=R72 New Designator=R13
Change Component Designator: Old Designator=R72 New Designator=R16
Change Component Designator: Old Designator=R72 New Designator=R75
Change Component Designator: Old Designator=R72 New Designator=R98
Change Component Designator: Old Designator=R73 New Designator=R76
Change Component Designator: Old Designator=R74 New Designator=R77
Change Component Designator: Old Designator=R75 New Designator=R78
Change Component Designator: Old Designator=R76 New Designator=R79
Change Component Designator: Old Designator=R77 New Designator=R80
Change Component Designator: Old Designator=R78 New Designator=R81
Change Component Designator: Old Designator=R79 New Designator=R82
Change Component Designator: Old Designator=R80 New Designator=R83
Change Component Designator: Old Designator=R81 New Designator=R84
Change Component Designator: Old Designator=R82 New Designator=R85
Change Component Designator: Old Designator=R83 New Designator=R86
Change Component Designator: Old Designator=R84 New Designator=R87
Change Component Designator: Old Designator=R85 New Designator=R88
Change Component Designator: Old Designator=R86 New Designator=R89
Change Component Designator: Old Designator=R87 New Designator=R90
Change Component Designator: Old Designator=R88 New Designator=R91
Change Component Designator: Old Designator=R89 New Designator=R92
Change Component Designator: Old Designator=R90 New Designator=R93
Change Component Designator: Old Designator=R91 New Designator=R94
Change Component Designator: Old Designator=R92 New Designator=R95
Change Component Designator: Old Designator=R93 New Designator=R96
Change Component Designator: Old Designator=R94 New Designator=R97
Change Component Designator: Old Designator=R95 New Designator=R99
Change Component Designator: Old Designator=R96 New Designator=R100
Change Component Designator: Old Designator=R98 New Designator=R102
Change Component Designator: Old Designator=R99 New Designator=R103
Change Component Designator: Old Designator=R99 New Designator=R107
Change Component Designator: Old Designator=R100 New Designator=R101
Change Component Designator: Old Designator=R100 New Designator=R104
Change Component Designator: Old Designator=R101 New Designator=R18
Change Component Designator: Old Designator=R101 New Designator=R19
Change Component Designator: Old Designator=R101 New Designator=R20
Change Component Designator: Old Designator=R101 New Designator=R21
Change Component Designator: Old Designator=R101 New Designator=R24
Change Component Designator: Old Designator=R101 New Designator=R25
Change Component Designator: Old Designator=R101 New Designator=R26
Change Component Designator: Old Designator=R101 New Designator=R27
Change Component Designator: Old Designator=R101 New Designator=R30
Change Component Designator: Old Designator=R101 New Designator=R31
Change Component Designator: Old Designator=R101 New Designator=R34
Change Component Designator: Old Designator=R101 New Designator=R35
Change Component Designator: Old Designator=R101 New Designator=R36
Change Component Designator: Old Designator=R101 New Designator=R37
Change Component Designator: Old Designator=R101 New Designator=R38
Change Component Designator: Old Designator=R101 New Designator=R39
Change Component Designator: Old Designator=R101 New Designator=R40
Change Component Designator: Old Designator=R101 New Designator=R105
Change Component Designator: Old Designator=R102 New Designator=R106
Change Component Designator: Old Designator=U6 New Designator=U7
Change Component Designator: Old Designator=U7 New Designator=U8
Change Component Designator: Old Designator=U8 New Designator=U9
Change Component Designator: Old Designator=U9 New Designator=U10
Change Component Designator: Old Designator=U10 New Designator=U11
Change Component Designator: Old Designator=U11 New Designator=U12
Change Component Designator: Old Designator=U12 New Designator=U13
Change Component Designator: Old Designator=U13 New Designator=U14
Change Component Designator: Old Designator=U14 New Designator=U15
Change Component Designator: Old Designator=U15 New Designator=U16
Change Component Designator: Old Designator=U16 New Designator=U17
Change Component Designator: Old Designator=U17 New Designator=U18
Change Component Designator: Old Designator=U18 New Designator=U19
Change Component Designator: Old Designator=U19 New Designator=U20
Change Component Designator: Old Designator=U20 New Designator=U21
Change Component Designator: Old Designator=U21 New Designator=U22
Change Component Designator: Old Designator=U22 New Designator=U23
Change Component Designator: Old Designator=U23 New Designator=U24
Change Component Designator: Old Designator=U24 New Designator=U25
Change Component Designator: Old Designator=U25 New Designator=U26
Change Component Designator: Old Designator=U26 New Designator=U27
Change Component Designator: Old Designator=U27 New Designator=U28
Change Component Designator: Old Designator=U28 New Designator=U29
Change Component Designator: Old Designator=U29 New Designator=U30
Change Component Designator: Old Designator=U30 New Designator=U31
Change Component Designator: Old Designator=U31 New Designator=U32
Change Component Designator: Old Designator=U32 New Designator=U33
Change Component Designator: Old Designator=U33 New Designator=U34
Change Component Designator: Old Designator=U34 New Designator=U35
Change Component Designator: Old Designator=U35 New Designator=U36
Change Component Designator: Old Designator=U36 New Designator=U37
Change Component Designator: Old Designator=U37 New Designator=U38
Change Component Designator: Old Designator=U38 New Designator=U39
Change Component Designator: Old Designator=U39 New Designator=U40
Change Component Designator: Old Designator=U40 New Designator=U41
Change Component Designator: Old Designator=U41 New Designator=U42
Change Component Designator: Old Designator=U? New Designator=U6
