Change Component Designator: Old Designator=C10 New Designator=C12
Change Component Designator: Old Designator=C11 New Designator=C13
Change Component Designator: Old Designator=C12 New Designator=C10
Change Component Designator: Old Designator=C13 New Designator=C11
Change Component Designator: Old Designator=C19 New Designator=C21
Change Component Designator: Old Designator=C20 New Designator=C22
Change Component Designator: Old Designator=C21 New Designator=C23
Change Component Designator: Old Designator=C22 New Designator=C24
Change Component Designator: Old Designator=C23 New Designator=C25
Change Component Designator: Old Designator=C24 New Designator=C26
Change Component Designator: Old Designator=C24 New Designator=C54
Change Component Designator: Old Designator=C24 New Designator=C63
Change Component Designator: Old Designator=C24 New Designator=C73
Change Component Designator: Old Designator=C24 New Designator=C79
Change Component Designator: Old Designator=C25 New Designator=C27
Change Component Designator: Old Designator=C26 New Designator=C28
Change Component Designator: Old Designator=C27 New Designator=C19
Change Component Designator: Old Designator=C28 New Designator=C20
Change Component Designator: Old Designator=C33 New Designator=C35
Change Component Designator: Old Designator=C34 New Designator=C36
Change Component Designator: Old Designator=C35 New Designator=C33
Change Component Designator: Old Designator=C36 New Designator=C39
Change Component Designator: Old Designator=C37 New Designator=C40
Change Component Designator: Old Designator=C38 New Designator=C41
Change Component Designator: Old Designator=C39 New Designator=C42
Change Component Designator: Old Designator=C40 New Designator=C43
Change Component Designator: Old Designator=C41 New Designator=C44
Change Component Designator: Old Designator=C42 New Designator=C45
Change Component Designator: Old Designator=C43 New Designator=C46
Change Component Designator: Old Designator=C44 New Designator=C37
Change Component Designator: Old Designator=C45 New Designator=C49
Change Component Designator: Old Designator=C46 New Designator=C47
Change Component Designator: Old Designator=C47 New Designator=C50
Change Component Designator: Old Designator=C48 New Designator=C51
Change Component Designator: Old Designator=C49 New Designator=C52
Change Component Designator: Old Designator=C50 New Designator=C53
Change Component Designator: Old Designator=C51 New Designator=C55
Change Component Designator: Old Designator=C52 New Designator=C34
Change Component Designator: Old Designator=C53 New Designator=C56
Change Component Designator: Old Designator=C54 New Designator=C57
Change Component Designator: Old Designator=C55 New Designator=C58
Change Component Designator: Old Designator=C56 New Designator=C59
Change Component Designator: Old Designator=C57 New Designator=C60
Change Component Designator: Old Designator=C58 New Designator=C61
Change Component Designator: Old Designator=C59 New Designator=C62
Change Component Designator: Old Designator=C60 New Designator=C38
Change Component Designator: Old Designator=C61 New Designator=C64
Change Component Designator: Old Designator=C62 New Designator=C65
Change Component Designator: Old Designator=C63 New Designator=C66
Change Component Designator: Old Designator=C64 New Designator=C67
Change Component Designator: Old Designator=C65 New Designator=C68
Change Component Designator: Old Designator=C66 New Designator=C69
Change Component Designator: Old Designator=C67 New Designator=C70
Change Component Designator: Old Designator=C68 New Designator=C71
Change Component Designator: Old Designator=C69 New Designator=C72
Change Component Designator: Old Designator=C70 New Designator=C74
Change Component Designator: Old Designator=C71 New Designator=C75
Change Component Designator: Old Designator=C72 New Designator=C76
Change Component Designator: Old Designator=C73 New Designator=C77
Change Component Designator: Old Designator=C74 New Designator=C78
Change Component Designator: Old Designator=C75 New Designator=C48
Change Component Designator: Old Designator=C76 New Designator=C80
Change Component Designator: Old Designator=C77 New Designator=C81
Change Component Designator: Old Designator=C78 New Designator=C82
Change Component Designator: Old Designator=C79 New Designator=C83
Change Component Designator: Old Designator=C80 New Designator=C84
Change Component Designator: Old Designator=C81 New Designator=C85
Change Component Designator: Old Designator=C82 New Designator=C86
Change Component Designator: Old Designator=K1 New Designator=K3
Change Component Designator: Old Designator=K2 New Designator=K1
Change Component Designator: Old Designator=K3 New Designator=K2
Change Component Designator: Old Designator=K5 New Designator=K6
Change Component Designator: Old Designator=K6 New Designator=K5
Change Component Designator: Old Designator=K9 New Designator=K11
Change Component Designator: Old Designator=K10 New Designator=K12
Change Component Designator: Old Designator=K11 New Designator=K9
Change Component Designator: Old Designator=K12 New Designator=K10
Change Component Designator: Old Designator=K13 New Designator=K15
Change Component Designator: Old Designator=K14 New Designator=K16
Change Component Designator: Old Designator=K15 New Designator=K13
Change Component Designator: Old Designator=K16 New Designator=K14
Change Component Designator: Old Designator=K17 New Designator=K18
Change Component Designator: Old Designator=K18 New Designator=K19
Change Component Designator: Old Designator=K19 New Designator=K17
Change Component Designator: Old Designator=P3 New Designator=P2
Change Component Designator: Old Designator=P6 New Designator=P5
Change Component Designator: Old Designator=P12 New Designator=P14
Change Component Designator: Old Designator=P13 New Designator=P15
Change Component Designator: Old Designator=P14 New Designator=P17
Change Component Designator: Old Designator=P? New Designator=P3
Change Component Designator: Old Designator=P? New Designator=P4
Change Component Designator: Old Designator=P? New Designator=P6
Change Component Designator: Old Designator=P? New Designator=P7
Change Component Designator: Old Designator=P? New Designator=P8
Change Component Designator: Old Designator=P? New Designator=P9
Change Component Designator: Old Designator=P? New Designator=P10
Change Component Designator: Old Designator=P? New Designator=P12
Change Component Designator: Old Designator=P? New Designator=P13
Change Component Designator: Old Designator=P? New Designator=P16
Change Component Designator: Old Designator=R24 New Designator=R26
Change Component Designator: Old Designator=R25 New Designator=R27
Change Component Designator: Old Designator=R26 New Designator=R30
Change Component Designator: Old Designator=R27 New Designator=R31
Change Component Designator: Old Designator=R28 New Designator=R32
Change Component Designator: Old Designator=R29 New Designator=R33
Change Component Designator: Old Designator=R30 New Designator=R34
Change Component Designator: Old Designator=R31 New Designator=R35
Change Component Designator: Old Designator=R32 New Designator=R24
Change Component Designator: Old Designator=R33 New Designator=R25
Change Component Designator: Old Designator=R34 New Designator=R36
Change Component Designator: Old Designator=R35 New Designator=R28
Change Component Designator: Old Designator=R36 New Designator=R29
Change Component Designator: Old Designator=R39 New Designator=R41
Change Component Designator: Old Designator=R40 New Designator=R42
Change Component Designator: Old Designator=R41 New Designator=R45
Change Component Designator: Old Designator=R42 New Designator=R46
Change Component Designator: Old Designator=R43 New Designator=R47
Change Component Designator: Old Designator=R44 New Designator=R48
Change Component Designator: Old Designator=R45 New Designator=R49
Change Component Designator: Old Designator=R46 New Designator=R50
Change Component Designator: Old Designator=R47 New Designator=R39
Change Component Designator: Old Designator=R48 New Designator=R40
Change Component Designator: Old Designator=R49 New Designator=R51
Change Component Designator: Old Designator=R50 New Designator=R52
Change Component Designator: Old Designator=R51 New Designator=R43
Change Component Designator: Old Designator=R52 New Designator=R44
Change Component Designator: Old Designator=R53 New Designator=R55
Change Component Designator: Old Designator=R54 New Designator=R56
Change Component Designator: Old Designator=R55 New Designator=R57
Change Component Designator: Old Designator=R56 New Designator=R60
Change Component Designator: Old Designator=R57 New Designator=R61
Change Component Designator: Old Designator=R58 New Designator=R62
Change Component Designator: Old Designator=R59 New Designator=R63
Change Component Designator: Old Designator=R60 New Designator=R64
Change Component Designator: Old Designator=R61 New Designator=R65
Change Component Designator: Old Designator=R62 New Designator=R66
Change Component Designator: Old Designator=R63 New Designator=R67
Change Component Designator: Old Designator=R64 New Designator=R68
Change Component Designator: Old Designator=R65 New Designator=R69
Change Component Designator: Old Designator=R66 New Designator=R53
Change Component Designator: Old Designator=R67 New Designator=R58
Change Component Designator: Old Designator=R68 New Designator=R70
Change Component Designator: Old Designator=R69 New Designator=R72
Change Component Designator: Old Designator=R70 New Designator=R78
Change Component Designator: Old Designator=R71 New Designator=R79
Change Component Designator: Old Designator=R72 New Designator=R80
Change Component Designator: Old Designator=R73 New Designator=R81
Change Component Designator: Old Designator=R74 New Designator=R82
Change Component Designator: Old Designator=R75 New Designator=R83
Change Component Designator: Old Designator=R76 New Designator=R84
Change Component Designator: Old Designator=R77 New Designator=R85
Change Component Designator: Old Designator=R78 New Designator=R86
Change Component Designator: Old Designator=R79 New Designator=R74
Change Component Designator: Old Designator=R80 New Designator=R87
Change Component Designator: Old Designator=R81 New Designator=R76
Change Component Designator: Old Designator=R82 New Designator=R88
Change Component Designator: Old Designator=R83 New Designator=R89
Change Component Designator: Old Designator=R84 New Designator=R90
Change Component Designator: Old Designator=R85 New Designator=R91
Change Component Designator: Old Designator=R86 New Designator=R92
Change Component Designator: Old Designator=R87 New Designator=R93
Change Component Designator: Old Designator=R88 New Designator=R54
Change Component Designator: Old Designator=R89 New Designator=R59
Change Component Designator: Old Designator=R90 New Designator=R71
Change Component Designator: Old Designator=R91 New Designator=R73
Change Component Designator: Old Designator=R92 New Designator=R94
Change Component Designator: Old Designator=R93 New Designator=R95
Change Component Designator: Old Designator=R94 New Designator=R96
Change Component Designator: Old Designator=R95 New Designator=R97
Change Component Designator: Old Designator=R96 New Designator=R98
Change Component Designator: Old Designator=R97 New Designator=R75
Change Component Designator: Old Designator=R98 New Designator=R77
Change Component Designator: Old Designator=R99 New Designator=R101
Change Component Designator: Old Designator=R101 New Designator=R102
Change Component Designator: Old Designator=U8 New Designator=U10
Change Component Designator: Old Designator=U9 New Designator=U11
Change Component Designator: Old Designator=U10 New Designator=U12
Change Component Designator: Old Designator=U11 New Designator=U8
Change Component Designator: Old Designator=U12 New Designator=U9
Change Component Designator: Old Designator=U13 New Designator=U15
Change Component Designator: Old Designator=U14 New Designator=U16
Change Component Designator: Old Designator=U15 New Designator=U17
Change Component Designator: Old Designator=U16 New Designator=U13
Change Component Designator: Old Designator=U17 New Designator=U18
Change Component Designator: Old Designator=U18 New Designator=U22
Change Component Designator: Old Designator=U19 New Designator=U23
Change Component Designator: Old Designator=U20 New Designator=U24
Change Component Designator: Old Designator=U21 New Designator=U25
Change Component Designator: Old Designator=U22 New Designator=U26
Change Component Designator: Old Designator=U23 New Designator=U20
Change Component Designator: Old Designator=U24 New Designator=U27
Change Component Designator: Old Designator=U25 New Designator=U14
Change Component Designator: Old Designator=U26 New Designator=U29
Change Component Designator: Old Designator=U27 New Designator=U30
Change Component Designator: Old Designator=U28 New Designator=U19
Change Component Designator: Old Designator=U29 New Designator=U31
Change Component Designator: Old Designator=U30 New Designator=U32
Change Component Designator: Old Designator=U31 New Designator=U35
Change Component Designator: Old Designator=U32 New Designator=U21
Change Component Designator: Old Designator=U33 New Designator=U36
Change Component Designator: Old Designator=U34 New Designator=U37
Change Component Designator: Old Designator=U35 New Designator=U38
Change Component Designator: Old Designator=U36 New Designator=U40
Change Component Designator: Old Designator=U? New Designator=U28
Change Component Designator: Old Designator=U? New Designator=U33
Change Component Designator: Old Designator=U? New Designator=U34
Change Component Designator: Old Designator=U? New Designator=U39
