Change Component Designator: Old Designator=A? New Designator=A1
Change Component Designator: Old Designator=B? New Designator=B1
Change Component Designator: Old Designator=C1 New Designator=C2
Change Component Designator: Old Designator=C2 New Designator=C3
Change Component Designator: Old Designator=C3 New Designator=C4
Change Component Designator: Old Designator=C4 New Designator=C5
Change Component Designator: Old Designator=C5 New Designator=C6
Change Component Designator: Old Designator=C6 New Designator=C7
Change Component Designator: Old Designator=C7 New Designator=C8
Change Component Designator: Old Designator=C7 New Designator=C21
Change Component Designator: Old Designator=C7 New Designator=C22
Change Component Designator: Old Designator=C8 New Designator=C9
Change Component Designator: Old Designator=C8 New Designator=C10
Change Component Designator: Old Designator=C8 New Designator=C11
Change Component Designator: Old Designator=C8 New Designator=C12
Change Component Designator: Old Designator=C11 New Designator=C26
Change Component Designator: Old Designator=C12 New Designator=C25
Change Component Designator: Old Designator=C13 New Designator=C19
Change Component Designator: Old Designator=C14 New Designator=C20
Change Component Designator: Old Designator=C15 New Designator=C23
Change Component Designator: Old Designator=C16 New Designator=C24
Change Component Designator: Old Designator=C21 New Designator=C17
Change Component Designator: Old Designator=C22 New Designator=C1
Change Component Designator: Old Designator=C23 New Designator=C18
Change Component Designator: Old Designator=C24 New Designator=C13
Change Component Designator: Old Designator=C25 New Designator=C14
Change Component Designator: Old Designator=C26 New Designator=C15
Change Component Designator: Old Designator=C27 New Designator=C16
Change Component Designator: Old Designator=D3 New Designator=D1
Change Component Designator: Old Designator=D4 New Designator=D2
Change Component Designator: Old Designator=D5 New Designator=D3
Change Component Designator: Old Designator=L1 New Designator=L2
Change Component Designator: Old Designator=L1 New Designator=L3
Change Component Designator: Old Designator=P6 New Designator=P2
Change Component Designator: Old Designator=P8 New Designator=P4
Change Component Designator: Old Designator=R1 New Designator=R3
Change Component Designator: Old Designator=R1 New Designator=R14
Change Component Designator: Old Designator=R1 New Designator=R20
Change Component Designator: Old Designator=R4 New Designator=R7
Change Component Designator: Old Designator=R6 New Designator=R11
Change Component Designator: Old Designator=R10 New Designator=R22
Change Component Designator: Old Designator=R13 New Designator=R17
Change Component Designator: Old Designator=R14 New Designator=R18
Change Component Designator: Old Designator=R15 New Designator=R16
Change Component Designator: Old Designator=R20 New Designator=R13
Change Component Designator: Old Designator=R22 New Designator=R1
Change Component Designator: Old Designator=R22 New Designator=R19
Change Component Designator: Old Designator=R22 New Designator=R21
Change Component Designator: Old Designator=R23 New Designator=R2
Change Component Designator: Old Designator=R24 New Designator=R4
Change Component Designator: Old Designator=R24 New Designator=R23
Change Component Designator: Old Designator=R25 New Designator=R5
Change Component Designator: Old Designator=R26 New Designator=R6
Change Component Designator: Old Designator=R27 New Designator=R8
Change Component Designator: Old Designator=R28 New Designator=R9
Change Component Designator: Old Designator=R29 New Designator=R10
Change Component Designator: Old Designator=S1 New Designator=S2
Change Component Designator: Old Designator=S2 New Designator=S1
Change Component Designator: Old Designator=U6 New Designator=U2
Change Component Designator: Old Designator=U7 New Designator=U3
Change Component Designator: Old Designator=U? New Designator=U6
