Change Component Designator: Old Designator=C5 New Designator=C1
Change Component Designator: Old Designator=C5 New Designator=C10
Change Component Designator: Old Designator=C6 New Designator=C2
Change Component Designator: Old Designator=C7 New Designator=C3
Change Component Designator: Old Designator=C8 New Designator=C4
Change Component Designator: Old Designator=C9 New Designator=C5
Change Component Designator: Old Designator=C10 New Designator=C6
Change Component Designator: Old Designator=C11 New Designator=C7
Change Component Designator: Old Designator=C12 New Designator=C8
Change Component Designator: Old Designator=C13 New Designator=C9
Change Component Designator: Old Designator=C22 New Designator=C20
Change Component Designator: Old Designator=C23 New Designator=C21
Change Component Designator: Old Designator=C24 New Designator=C11
Change Component Designator: Old Designator=C24 New Designator=C12
Change Component Designator: Old Designator=C24 New Designator=C13
Change Component Designator: Old Designator=C24 New Designator=C14
Change Component Designator: Old Designator=C24 New Designator=C15
Change Component Designator: Old Designator=C24 New Designator=C16
Change Component Designator: Old Designator=C24 New Designator=C17
Change Component Designator: Old Designator=C24 New Designator=C18
Change Component Designator: Old Designator=C24 New Designator=C19
Change Component Designator: Old Designator=C24 New Designator=C22
Change Component Designator: Old Designator=C25 New Designator=C23
Change Component Designator: Old Designator=C26 New Designator=C24
Change Component Designator: Old Designator=C27 New Designator=C25
Change Component Designator: Old Designator=L2 New Designator=L1
Change Component Designator: Old Designator=L3 New Designator=L4
Change Component Designator: Old Designator=L3 New Designator=L5
Change Component Designator: Old Designator=L3 New Designator=L6
Change Component Designator: Old Designator=P2 New Designator=P3
Change Component Designator: Old Designator=P4 New Designator=P2
Change Component Designator: Old Designator=P? New Designator=P1
Change Component Designator: Old Designator=R22 New Designator=R1
Change Component Designator: Old Designator=R22 New Designator=R2
Change Component Designator: Old Designator=R22 New Designator=R3
Change Component Designator: Old Designator=R22 New Designator=R4
Change Component Designator: Old Designator=R22 New Designator=R5
Change Component Designator: Old Designator=R22 New Designator=R6
Change Component Designator: Old Designator=R22 New Designator=R7
Change Component Designator: Old Designator=R22 New Designator=R8
Change Component Designator: Old Designator=R22 New Designator=R9
Change Component Designator: Old Designator=R23 New Designator=R10
Change Component Designator: Old Designator=R23 New Designator=R11
Change Component Designator: Old Designator=R23 New Designator=R12
Change Component Designator: Old Designator=R23 New Designator=R13
Change Component Designator: Old Designator=R23 New Designator=R14
Change Component Designator: Old Designator=R23 New Designator=R15
Change Component Designator: Old Designator=R23 New Designator=R16
Change Component Designator: Old Designator=R23 New Designator=R17
Change Component Designator: Old Designator=R23 New Designator=R18
Change Component Designator: Old Designator=R23 New Designator=R19
Change Component Designator: Old Designator=R24 New Designator=R20
Change Component Designator: Old Designator=SC? New Designator=SC1
Change Component Designator: Old Designator=SC? New Designator=SC2
Change Component Designator: Old Designator=U7 New Designator=U1
Change Component Designator: Old Designator=U? New Designator=U2
