Added Component: Designator=BQ1(FC-12M)
Added Component: Designator=BQ2(403C11A32M00000)
Added Component: Designator=C1(0402)
Added Component: Designator=C2(0402)
Added Component: Designator=C3(0402)
Added Component: Designator=C4(0402)
Added Component: Designator=C5(0402)
Added Component: Designator=C6(0402)
Added Component: Designator=C7(0402)
Added Component: Designator=C8(0402)
Added Component: Designator=C9(0402)
Added Component: Designator=C10(0402)
Added Component: Designator=C11(0402)
Added Component: Designator=C12(0402)
Added Component: Designator=C13(0402)
Added Component: Designator=C14(0402)
Added Component: Designator=C15(0402)
Added Component: Designator=C16(0402)
Added Component: Designator=C17(0402)
Added Component: Designator=C18(0402)
Added Component: Designator=C19(0402)
Added Component: Designator=C20(0402)
Added Component: Designator=C21(0402)
Added Component: Designator=C22(0402)
Added Component: Designator=C23(0402)
Added Component: Designator=C24(0402)
Added Component: Designator=C25(0402)
Added Component: Designator=L1(0402)
Added Component: Designator=L2(0402)
Added Component: Designator=L3(0402)
Added Component: Designator=L4(0402)
Added Component: Designator=L5(0402)
Added Component: Designator=L6(0402)
Added Component: Designator=P1(RP_SMA)
Added Component: Designator=P2(HDR2X5H)
Added Component: Designator=P3(DIP14)
Added Component: Designator=R1(0402)
Added Component: Designator=R2(0402)
Added Component: Designator=R3(0402)
Added Component: Designator=R4(0402)
Added Component: Designator=R5(0402)
Added Component: Designator=R6(0402)
Added Component: Designator=R7(0402)
Added Component: Designator=R8(0402)
Added Component: Designator=R9(0402)
Added Component: Designator=R10(0402)
Added Component: Designator=R11(0402)
Added Component: Designator=R12(0402)
Added Component: Designator=R13(0402)
Added Component: Designator=R14(0402)
Added Component: Designator=R15(0402)
Added Component: Designator=R16(0402)
Added Component: Designator=R17(0402)
Added Component: Designator=R18(0402)
Added Component: Designator=R19(0402)
Added Component: Designator=R20(0402)
Added Component: Designator=SC1(BMIS_202_F)
Added Component: Designator=U1(QFN40)
Added Component: Designator=U2(QFN16)
Added Pin To Net: NetName=CC2530_CLK Pin=P2-6
Added Pin To Net: NetName=CC2530_CLK Pin=U1-14
Added Net: Name=CC2530_CLK
Added Pin To Net: NetName=CC2530_DC Pin=P2-3
Added Pin To Net: NetName=CC2530_DC Pin=U1-34
Added Net: Name=CC2530_DC
Added Pin To Net: NetName=CC2530_DD Pin=P2-4
Added Pin To Net: NetName=CC2530_DD Pin=U1-35
Added Net: Name=CC2530_DD
Added Pin To Net: NetName=CC2530_MISO Pin=P2-10
Added Pin To Net: NetName=CC2530_MISO Pin=U1-17
Added Net: Name=CC2530_MISO
Added Pin To Net: NetName=CC2530_MOSI Pin=P2-8
Added Pin To Net: NetName=CC2530_MOSI Pin=P3-14
Added Pin To Net: NetName=CC2530_MOSI Pin=U1-16
Added Net: Name=CC2530_MOSI
Added Pin To Net: NetName=CC2530_RESET Pin=C23-1
Added Pin To Net: NetName=CC2530_RESET Pin=P2-7
Added Pin To Net: NetName=CC2530_RESET Pin=R20-1
Added Pin To Net: NetName=CC2530_RESET Pin=U1-20
Added Net: Name=CC2530_RESET
Added Pin To Net: NetName=CC2530_SS Pin=P3-12
Added Pin To Net: NetName=CC2530_SS Pin=R10-2
Added Pin To Net: NetName=CC2530_SS Pin=U1-15
Added Net: Name=CC2530_SS
Added Pin To Net: NetName=CFG0 Pin=R2-2
Added Pin To Net: NetName=CFG0 Pin=R8-1
Added Pin To Net: NetName=CFG0 Pin=U1-8
Added Net: Name=CFG0
Added Pin To Net: NetName=CFG1 Pin=R3-2
Added Pin To Net: NetName=CFG1 Pin=R7-1
Added Pin To Net: NetName=CFG1 Pin=U1-36
Added Net: Name=CFG1
Added Pin To Net: NetName=CTS Pin=P3-8
Added Pin To Net: NetName=CTS Pin=R11-2
Added Net: Name=CTS
Added Pin To Net: NetName=GND Pin=C1-2
Added Pin To Net: NetName=GND Pin=C2-2
Added Pin To Net: NetName=GND Pin=C3-2
Added Pin To Net: NetName=GND Pin=C4-2
Added Pin To Net: NetName=GND Pin=C5-2
Added Pin To Net: NetName=GND Pin=C6-2
Added Pin To Net: NetName=GND Pin=C7-2
Added Pin To Net: NetName=GND Pin=C8-2
Added Pin To Net: NetName=GND Pin=C9-2
Added Pin To Net: NetName=GND Pin=C10-2
Added Pin To Net: NetName=GND Pin=C11-1
Added Pin To Net: NetName=GND Pin=C12-1
Added Pin To Net: NetName=GND Pin=C13-1
Added Pin To Net: NetName=GND Pin=C14-1
Added Pin To Net: NetName=GND Pin=C15-1
Added Pin To Net: NetName=GND Pin=C17-1
Added Pin To Net: NetName=GND Pin=C18-1
Added Pin To Net: NetName=GND Pin=C19-1
Added Pin To Net: NetName=GND Pin=C20-1
Added Pin To Net: NetName=GND Pin=C21-1
Added Pin To Net: NetName=GND Pin=C22-2
Added Pin To Net: NetName=GND Pin=C23-2
Added Pin To Net: NetName=GND Pin=C24-1
Added Pin To Net: NetName=GND Pin=C25-1
Added Pin To Net: NetName=GND Pin=P1-2
Added Pin To Net: NetName=GND Pin=P2-1
Added Pin To Net: NetName=GND Pin=P3-13
Added Pin To Net: NetName=GND Pin=R4-1
Added Pin To Net: NetName=GND Pin=R7-2
Added Pin To Net: NetName=GND Pin=R8-2
Added Pin To Net: NetName=GND Pin=R9-2
Added Pin To Net: NetName=GND Pin=SC1-1
Added Pin To Net: NetName=GND Pin=SC1-1
Added Pin To Net: NetName=GND Pin=SC1-2
Added Pin To Net: NetName=GND Pin=SC1-3
Added Pin To Net: NetName=GND Pin=SC1-3
Added Pin To Net: NetName=GND Pin=SC1-4
Added Pin To Net: NetName=GND Pin=SC1-5
Added Pin To Net: NetName=GND Pin=SC1-5
Added Pin To Net: NetName=GND Pin=SC1-6
Added Pin To Net: NetName=GND Pin=SC1-7
Added Pin To Net: NetName=GND Pin=SC1-7
Added Pin To Net: NetName=GND Pin=SC1-8
Added Pin To Net: NetName=GND Pin=U1-1
Added Pin To Net: NetName=GND Pin=U1-2
Added Pin To Net: NetName=GND Pin=U1-3
Added Pin To Net: NetName=GND Pin=U1-4
Added Pin To Net: NetName=GND Pin=U2-1
Added Pin To Net: NetName=GND Pin=U2-4
Added Pin To Net: NetName=GND Pin=U2-9
Added Pin To Net: NetName=GND Pin=U2-11
Added Pin To Net: NetName=GND Pin=U2-12
Added Pin To Net: NetName=GND Pin=U2-16
Added Pin To Net: NetName=GND Pin=U2-17
Added Net: Name=GND
Added Pin To Net: NetName=HGM Pin=R6-1
Added Pin To Net: NetName=HGM Pin=U1-12
Added Net: Name=HGM
Added Pin To Net: NetName=LNA Pin=R5-1
Added Pin To Net: NetName=LNA Pin=U1-7
Added Net: Name=LNA
Added Pin To Net: NetName=MISO/RX Pin=R16-1
Added Pin To Net: NetName=MISO/RX Pin=R17-2
Added Pin To Net: NetName=MISO/RX Pin=U1-37
Added Net: Name=MISO/RX
Added Pin To Net: NetName=MOSI/TX Pin=R18-1
Added Pin To Net: NetName=MOSI/TX Pin=R19-2
Added Pin To Net: NetName=MOSI/TX Pin=U1-38
Added Net: Name=MOSI/TX
Added Pin To Net: NetName=NetBQ1_1 Pin=BQ1-1
Added Pin To Net: NetName=NetBQ1_1 Pin=C20-2
Added Pin To Net: NetName=NetBQ1_1 Pin=U1-32
Added Net: Name=NetBQ1_1
Added Pin To Net: NetName=NetBQ1_2 Pin=BQ1-2
Added Pin To Net: NetName=NetBQ1_2 Pin=C21-2
Added Pin To Net: NetName=NetBQ1_2 Pin=U1-33
Added Net: Name=NetBQ1_2
Added Pin To Net: NetName=NetBQ2_1 Pin=BQ2-1
Added Pin To Net: NetName=NetBQ2_1 Pin=C24-2
Added Pin To Net: NetName=NetBQ2_1 Pin=U1-22
Added Net: Name=NetBQ2_1
Added Pin To Net: NetName=NetBQ2_3 Pin=BQ2-3
Added Pin To Net: NetName=NetBQ2_3 Pin=C25-2
Added Pin To Net: NetName=NetBQ2_3 Pin=U1-23
Added Net: Name=NetBQ2_3
Added Pin To Net: NetName=NetC16_1 Pin=C16-1
Added Pin To Net: NetName=NetC16_1 Pin=C19-2
Added Pin To Net: NetName=NetC16_1 Pin=L5-2
Added Net: Name=NetC16_1
Added Pin To Net: NetName=NetC16_2 Pin=C16-2
Added Pin To Net: NetName=NetC16_2 Pin=P1-1
Added Net: Name=NetC16_2
Added Pin To Net: NetName=NetC17_2 Pin=C17-2
Added Pin To Net: NetName=NetC17_2 Pin=L3-1
Added Pin To Net: NetName=NetC17_2 Pin=L4-1
Added Pin To Net: NetName=NetC17_2 Pin=U2-10
Added Net: Name=NetC17_2
Added Pin To Net: NetName=NetC18_2 Pin=C18-2
Added Pin To Net: NetName=NetC18_2 Pin=L4-2
Added Pin To Net: NetName=NetC18_2 Pin=L5-1
Added Net: Name=NetC18_2
Added Pin To Net: NetName=NetC22_1 Pin=C22-1
Added Pin To Net: NetName=NetC22_1 Pin=U1-40
Added Net: Name=NetC22_1
Added Pin To Net: NetName=NetL6_1 Pin=L6-1
Added Pin To Net: NetName=NetL6_1 Pin=R9-1
Added Net: Name=NetL6_1
Added Pin To Net: NetName=NetL6_2 Pin=L6-2
Added Pin To Net: NetName=NetL6_2 Pin=U1-30
Added Net: Name=NetL6_2
Added Pin To Net: NetName=NetP2_5 Pin=P2-5
Added Pin To Net: NetName=NetP2_5 Pin=R10-1
Added Net: Name=NetP2_5
Added Pin To Net: NetName=NetP2_9 Pin=P2-9
Added Pin To Net: NetName=NetP2_9 Pin=R15-1
Added Net: Name=NetP2_9
Added Pin To Net: NetName=NetP3_9 Pin=P3-9
Added Pin To Net: NetName=NetP3_9 Pin=R20-2
Added Net: Name=NetP3_9
Added Pin To Net: NetName=NetR1_2 Pin=R1-2
Added Pin To Net: NetName=NetR1_2 Pin=U2-5
Added Net: Name=NetR1_2
Added Pin To Net: NetName=NetR4_2 Pin=R4-2
Added Pin To Net: NetName=NetR4_2 Pin=U2-8
Added Net: Name=NetR4_2
Added Pin To Net: NetName=NetR5_2 Pin=R5-2
Added Pin To Net: NetName=NetR5_2 Pin=U2-6
Added Net: Name=NetR5_2
Added Pin To Net: NetName=NetR6_2 Pin=R6-2
Added Pin To Net: NetName=NetR6_2 Pin=U2-7
Added Net: Name=NetR6_2
Added Pin To Net: NetName=NetU1_25 Pin=U1-25
Added Pin To Net: NetName=NetU1_25 Pin=U2-3
Added Net: Name=NetU1_25
Added Pin To Net: NetName=NetU1_26 Pin=U1-26
Added Pin To Net: NetName=NetU1_26 Pin=U2-2
Added Net: Name=NetU1_26
Added Pin To Net: NetName=PA Pin=R1-1
Added Pin To Net: NetName=PA Pin=U1-9
Added Net: Name=PA
Added Pin To Net: NetName=RTS Pin=P3-10
Added Pin To Net: NetName=RTS Pin=R13-2
Added Net: Name=RTS
Added Pin To Net: NetName=RX Pin=P3-6
Added Pin To Net: NetName=RX Pin=R16-2
Added Net: Name=RX
Added Pin To Net: NetName=SCLK/RT Pin=R13-1
Added Pin To Net: NetName=SCLK/RT Pin=R14-2
Added Pin To Net: NetName=SCLK/RT Pin=U1-5
Added Net: Name=SCLK/RT
Added Pin To Net: NetName=SPI_MISO Pin=P3-3
Added Pin To Net: NetName=SPI_MISO Pin=R17-1
Added Net: Name=SPI_MISO
Added Pin To Net: NetName=SPI_MOSI Pin=P3-1
Added Pin To Net: NetName=SPI_MOSI Pin=R19-1
Added Net: Name=SPI_MOSI
Added Pin To Net: NetName=SPI_SCK Pin=P3-5
Added Pin To Net: NetName=SPI_SCK Pin=R14-1
Added Net: Name=SPI_SCK
Added Pin To Net: NetName=SS/CT Pin=R11-1
Added Pin To Net: NetName=SS/CT Pin=R12-2
Added Pin To Net: NetName=SS/CT Pin=U1-6
Added Net: Name=SS/CT
Added Pin To Net: NetName=TX Pin=P3-4
Added Pin To Net: NetName=TX Pin=R18-2
Added Net: Name=TX
Added Pin To Net: NetName=VCC_CC2530 Pin=C1-1
Added Pin To Net: NetName=VCC_CC2530 Pin=C2-1
Added Pin To Net: NetName=VCC_CC2530 Pin=C3-1
Added Pin To Net: NetName=VCC_CC2530 Pin=C4-1
Added Pin To Net: NetName=VCC_CC2530 Pin=C5-1
Added Pin To Net: NetName=VCC_CC2530 Pin=C6-1
Added Pin To Net: NetName=VCC_CC2530 Pin=C7-1
Added Pin To Net: NetName=VCC_CC2530 Pin=C8-1
Added Pin To Net: NetName=VCC_CC2530 Pin=C9-1
Added Pin To Net: NetName=VCC_CC2530 Pin=L1-2
Added Pin To Net: NetName=VCC_CC2530 Pin=P2-2
Added Pin To Net: NetName=VCC_CC2530 Pin=R2-1
Added Pin To Net: NetName=VCC_CC2530 Pin=R3-1
Added Pin To Net: NetName=VCC_CC2530 Pin=R15-2
Added Pin To Net: NetName=VCC_CC2530 Pin=U1-10
Added Pin To Net: NetName=VCC_CC2530 Pin=U1-21
Added Pin To Net: NetName=VCC_CC2530 Pin=U1-24
Added Pin To Net: NetName=VCC_CC2530 Pin=U1-27
Added Pin To Net: NetName=VCC_CC2530 Pin=U1-28
Added Pin To Net: NetName=VCC_CC2530 Pin=U1-29
Added Pin To Net: NetName=VCC_CC2530 Pin=U1-31
Added Pin To Net: NetName=VCC_CC2530 Pin=U1-39
Added Net: Name=VCC_CC2530
Added Pin To Net: NetName=VCC_CC2592 Pin=C10-1
Added Pin To Net: NetName=VCC_CC2592 Pin=C11-2
Added Pin To Net: NetName=VCC_CC2592 Pin=C12-2
Added Pin To Net: NetName=VCC_CC2592 Pin=C13-2
Added Pin To Net: NetName=VCC_CC2592 Pin=C14-2
Added Pin To Net: NetName=VCC_CC2592 Pin=C15-2
Added Pin To Net: NetName=VCC_CC2592 Pin=L2-2
Added Pin To Net: NetName=VCC_CC2592 Pin=L3-2
Added Pin To Net: NetName=VCC_CC2592 Pin=U2-13
Added Pin To Net: NetName=VCC_CC2592 Pin=U2-14
Added Pin To Net: NetName=VCC_CC2592 Pin=U2-15
Added Net: Name=VCC_CC2592
Added Pin To Net: NetName=VCC Pin=L1-1
Added Pin To Net: NetName=VCC Pin=L2-1
Added Pin To Net: NetName=VCC Pin=P3-2
Added Net: Name=VCC
Added Pin To Net: NetName=ZIGBEE_CS Pin=P3-7
Added Pin To Net: NetName=ZIGBEE_CS Pin=R12-1
Added Net: Name=ZIGBEE_CS
Added Class: Name=zigbee
Added Room: Name=zigbee
