Added Component: Designator=A1(F ant)
Added Component: Designator=B1(2450BM15A0002)
Added Component: Designator=BQ1(FC-12M)
Added Component: Designator=BQ2(403C11A32M00000)
Added Component: Designator=C1(0402)
Added Component: Designator=C2(0402)
Added Component: Designator=C3(0402)
Added Component: Designator=C4(0402)
Added Component: Designator=C5(0402)
Added Component: Designator=C6(0402)
Added Component: Designator=C7(0402)
Added Component: Designator=C8(0402)
Added Component: Designator=C9(0402)
Added Component: Designator=C10(0402)
Added Component: Designator=C11(0402)
Added Component: Designator=C12(0402)
Added Component: Designator=C13(0402)
Added Component: Designator=C14(0402)
Added Component: Designator=C15(0402)
Added Component: Designator=C16(0402)
Added Component: Designator=C17(0402)
Added Component: Designator=C18(0402)
Added Component: Designator=C19(0402)
Added Component: Designator=C20(0402)
Added Component: Designator=C21(0402)
Added Component: Designator=C22(0402)
Added Component: Designator=C23(0402)
Added Component: Designator=C24(0402)
Added Component: Designator=C25(0402)
Added Component: Designator=C26(0402)
Added Component: Designator=D1(SOT23)
Added Component: Designator=D2(SOT23)
Added Component: Designator=D3(LED0603)
Added Component: Designator=D4(LED0603)
Added Component: Designator=F1(C1206)
Added Component: Designator=L1(6-0805_L)
Added Component: Designator=L2(0402)
Added Component: Designator=L3(6-0805_L)
Added Component: Designator=L4(0402)
Added Component: Designator=P1(BAT_CLIPS)
Added Component: Designator=P2(BAT_CLIPS)
Added Component: Designator=P3(BAT_CLIPS)
Added Component: Designator=P4(BAT_CLIPS)
Added Component: Designator=P5(HDR1X5H)
Added Component: Designator=P6(HDR2X5H)
Added Component: Designator=P7(HDR1X4)
Added Component: Designator=P8(HDR1X4)
Added Component: Designator=Q1(SOT-23_N)
Added Component: Designator=Q2(SOT-23_N)
Added Component: Designator=Q3(SOT-23_N)
Added Component: Designator=Q4(SOT-23_N)
Added Component: Designator=Q5(SOT-23_N)
Added Component: Designator=R1(0402)
Added Component: Designator=R2(0402)
Added Component: Designator=R3(0402)
Added Component: Designator=R4(0603)
Added Component: Designator=R5(6-0805_L)
Added Component: Designator=R6(0402)
Added Component: Designator=R7(0402)
Added Component: Designator=R8(0402)
Added Component: Designator=R9(0402)
Added Component: Designator=R10(0402)
Added Component: Designator=R11(0402)
Added Component: Designator=R12(0402)
Added Component: Designator=R13(0402)
Added Component: Designator=R14(0402)
Added Component: Designator=R15(0402)
Added Component: Designator=R16(0402)
Added Component: Designator=R17(0402)
Added Component: Designator=R18(0402)
Added Component: Designator=R19(0402)
Added Component: Designator=R20(0402)
Added Component: Designator=R21(0603)
Added Component: Designator=R22(0603)
Added Component: Designator=R23(0603)
Added Component: Designator=RT1(0603)
Added Component: Designator=S1(EVQP2402W)
Added Component: Designator=S2(EVQP2402W)
Added Component: Designator=U1(6SON)
Added Component: Designator=U2(DFN8)
Added Component: Designator=U3(QFN6)
Added Component: Designator=U4(QFN40)
Added Component: Designator=U5(8MSOP)
Added Pin To Net: NetName=5V_ON Pin=R7-1
Added Pin To Net: NetName=5V_ON Pin=U3-4
Added Pin To Net: NetName=5V_ON Pin=U4-36
Added Net: Name=5V_ON
Added Pin To Net: NetName=5VCC Pin=C14-1
Added Pin To Net: NetName=5VCC Pin=C15-1
Added Pin To Net: NetName=5VCC Pin=C18-1
Added Pin To Net: NetName=5VCC Pin=D1-3
Added Pin To Net: NetName=5VCC Pin=D2-3
Added Pin To Net: NetName=5VCC Pin=R9-2
Added Pin To Net: NetName=5VCC Pin=U3-2
Added Pin To Net: NetName=5VCC Pin=U3-3
Added Pin To Net: NetName=5VCC Pin=U5-1
Added Net: Name=5VCC
Added Pin To Net: NetName=A Pin=D2-2
Added Pin To Net: NetName=A Pin=P5-2
Added Pin To Net: NetName=A Pin=Q3-2
Added Net: Name=A
Added Pin To Net: NetName=BAT_VCC Pin=C1-1
Added Pin To Net: NetName=BAT_VCC Pin=C16-1
Added Pin To Net: NetName=BAT_VCC Pin=L3-1
Added Pin To Net: NetName=BAT_VCC Pin=Q1-2
Added Pin To Net: NetName=BAT_VCC Pin=R1-1
Added Pin To Net: NetName=BAT_VCC Pin=R19-2
Added Pin To Net: NetName=BAT_VCC Pin=U1-3
Added Pin To Net: NetName=BAT_VCC Pin=U3-6
Added Net: Name=BAT_VCC
Added Pin To Net: NetName=B Pin=D2-1
Added Pin To Net: NetName=B Pin=P5-3
Added Pin To Net: NetName=B Pin=Q5-2
Added Net: Name=B
Added Pin To Net: NetName=CC2530_CLK Pin=P6-6
Added Pin To Net: NetName=CC2530_CLK Pin=Q4-1
Added Pin To Net: NetName=CC2530_CLK Pin=R15-2
Added Pin To Net: NetName=CC2530_CLK Pin=U4-14
Added Net: Name=CC2530_CLK
Added Pin To Net: NetName=CC2530_DC Pin=P6-3
Added Pin To Net: NetName=CC2530_DC Pin=U4-34
Added Net: Name=CC2530_DC
Added Pin To Net: NetName=CC2530_DD Pin=P6-4
Added Pin To Net: NetName=CC2530_DD Pin=U4-35
Added Net: Name=CC2530_DD
Added Pin To Net: NetName=CC2530_MISO Pin=P6-10
Added Pin To Net: NetName=CC2530_MISO Pin=Q3-1
Added Pin To Net: NetName=CC2530_MISO Pin=R12-2
Added Pin To Net: NetName=CC2530_MISO Pin=U4-17
Added Net: Name=CC2530_MISO
Added Pin To Net: NetName=CC2530_MOSI Pin=P6-8
Added Pin To Net: NetName=CC2530_MOSI Pin=Q5-1
Added Pin To Net: NetName=CC2530_MOSI Pin=R13-2
Added Pin To Net: NetName=CC2530_MOSI Pin=U4-16
Added Net: Name=CC2530_MOSI
Added Pin To Net: NetName=CC2530_RESET Pin=C22-1
Added Pin To Net: NetName=CC2530_RESET Pin=P6-7
Added Pin To Net: NetName=CC2530_RESET Pin=R17-2
Added Pin To Net: NetName=CC2530_RESET Pin=U4-20
Added Net: Name=CC2530_RESET
Added Pin To Net: NetName=CC2530_SS Pin=Q2-1
Added Pin To Net: NetName=CC2530_SS Pin=R14-2
Added Pin To Net: NetName=CC2530_SS Pin=R18-2
Added Pin To Net: NetName=CC2530_SS Pin=U4-15
Added Net: Name=CC2530_SS
Added Pin To Net: NetName=CC_VCC Pin=C3-1
Added Pin To Net: NetName=CC_VCC Pin=C4-1
Added Pin To Net: NetName=CC_VCC Pin=C5-1
Added Pin To Net: NetName=CC_VCC Pin=C6-1
Added Pin To Net: NetName=CC_VCC Pin=C7-1
Added Pin To Net: NetName=CC_VCC Pin=C8-1
Added Pin To Net: NetName=CC_VCC Pin=C9-1
Added Pin To Net: NetName=CC_VCC Pin=C10-1
Added Pin To Net: NetName=CC_VCC Pin=C11-1
Added Pin To Net: NetName=CC_VCC Pin=L2-2
Added Pin To Net: NetName=CC_VCC Pin=U4-10
Added Pin To Net: NetName=CC_VCC Pin=U4-21
Added Pin To Net: NetName=CC_VCC Pin=U4-24
Added Pin To Net: NetName=CC_VCC Pin=U4-27
Added Pin To Net: NetName=CC_VCC Pin=U4-28
Added Pin To Net: NetName=CC_VCC Pin=U4-29
Added Pin To Net: NetName=CC_VCC Pin=U4-31
Added Pin To Net: NetName=CC_VCC Pin=U4-39
Added Net: Name=CC_VCC
Added Pin To Net: NetName=C Pin=D1-2
Added Pin To Net: NetName=C Pin=P5-4
Added Pin To Net: NetName=C Pin=Q2-2
Added Net: Name=C
Added Pin To Net: NetName=D Pin=D1-1
Added Pin To Net: NetName=D Pin=P5-5
Added Pin To Net: NetName=D Pin=Q4-2
Added Net: Name=D
Added Pin To Net: NetName=GND Pin=A1-2
Added Pin To Net: NetName=GND Pin=B1-2
Added Pin To Net: NetName=GND Pin=B1-5
Added Pin To Net: NetName=GND Pin=B1-6
Added Pin To Net: NetName=GND Pin=C1-2
Added Pin To Net: NetName=GND Pin=C2-2
Added Pin To Net: NetName=GND Pin=C3-2
Added Pin To Net: NetName=GND Pin=C4-2
Added Pin To Net: NetName=GND Pin=C5-2
Added Pin To Net: NetName=GND Pin=C6-2
Added Pin To Net: NetName=GND Pin=C7-2
Added Pin To Net: NetName=GND Pin=C8-2
Added Pin To Net: NetName=GND Pin=C9-2
Added Pin To Net: NetName=GND Pin=C10-2
Added Pin To Net: NetName=GND Pin=C11-2
Added Pin To Net: NetName=GND Pin=C12-2
Added Pin To Net: NetName=GND Pin=C13-2
Added Pin To Net: NetName=GND Pin=C14-2
Added Pin To Net: NetName=GND Pin=C15-2
Added Pin To Net: NetName=GND Pin=C16-2
Added Pin To Net: NetName=GND Pin=C17-2
Added Pin To Net: NetName=GND Pin=C18-2
Added Pin To Net: NetName=GND Pin=C19-1
Added Pin To Net: NetName=GND Pin=C20-1
Added Pin To Net: NetName=GND Pin=C21-2
Added Pin To Net: NetName=GND Pin=C22-2
Added Pin To Net: NetName=GND Pin=C23-1
Added Pin To Net: NetName=GND Pin=C24-1
Added Pin To Net: NetName=GND Pin=C25-2
Added Pin To Net: NetName=GND Pin=C26-2
Added Pin To Net: NetName=GND Pin=P6-1
Added Pin To Net: NetName=GND Pin=P7-4
Added Pin To Net: NetName=GND Pin=Q2-3
Added Pin To Net: NetName=GND Pin=Q3-3
Added Pin To Net: NetName=GND Pin=Q4-3
Added Pin To Net: NetName=GND Pin=Q5-3
Added Pin To Net: NetName=GND Pin=R3-2
Added Pin To Net: NetName=GND Pin=R4-2
Added Pin To Net: NetName=GND Pin=R5-2
Added Pin To Net: NetName=GND Pin=R7-2
Added Pin To Net: NetName=GND Pin=R16-2
Added Pin To Net: NetName=GND Pin=RT1-2
Added Pin To Net: NetName=GND Pin=S1-2
Added Pin To Net: NetName=GND Pin=U1-4
Added Pin To Net: NetName=GND Pin=U2-5
Added Pin To Net: NetName=GND Pin=U3-1
Added Pin To Net: NetName=GND Pin=U3-7
Added Pin To Net: NetName=GND Pin=U4-1
Added Pin To Net: NetName=GND Pin=U4-2
Added Pin To Net: NetName=GND Pin=U4-3
Added Pin To Net: NetName=GND Pin=U4-4
Added Pin To Net: NetName=GND Pin=U5-4
Added Net: Name=GND
Added Pin To Net: NetName=LED1_1 Pin=D4-1
Added Pin To Net: NetName=LED1_1 Pin=P8-2
Added Net: Name=LED1_1
Added Pin To Net: NetName=LED1_2 Pin=R21-2
Added Pin To Net: NetName=LED1_2 Pin=U4-11
Added Net: Name=LED1_2
Added Pin To Net: NetName=LED2_1 Pin=D3-1
Added Pin To Net: NetName=LED2_1 Pin=P8-3
Added Net: Name=LED2_1
Added Pin To Net: NetName=LED2_2 Pin=R22-2
Added Pin To Net: NetName=LED2_2 Pin=U4-9
Added Net: Name=LED2_2
Added Pin To Net: NetName=NetA1_1 Pin=A1-1
Added Pin To Net: NetName=NetA1_1 Pin=R8-2
Added Net: Name=NetA1_1
Added Pin To Net: NetName=NetB1_1 Pin=B1-1
Added Pin To Net: NetName=NetB1_1 Pin=C17-1
Added Pin To Net: NetName=NetB1_1 Pin=R8-1
Added Net: Name=NetB1_1
Added Pin To Net: NetName=NetB1_3 Pin=B1-3
Added Pin To Net: NetName=NetB1_3 Pin=U4-26
Added Net: Name=NetB1_3
Added Pin To Net: NetName=NetB1_4 Pin=B1-4
Added Pin To Net: NetName=NetB1_4 Pin=U4-25
Added Net: Name=NetB1_4
Added Pin To Net: NetName=NetBQ1_1 Pin=BQ1-1
Added Pin To Net: NetName=NetBQ1_1 Pin=C19-2
Added Pin To Net: NetName=NetBQ1_1 Pin=U4-32
Added Net: Name=NetBQ1_1
Added Pin To Net: NetName=NetBQ1_2 Pin=BQ1-2
Added Pin To Net: NetName=NetBQ1_2 Pin=C20-2
Added Pin To Net: NetName=NetBQ1_2 Pin=U4-33
Added Net: Name=NetBQ1_2
Added Pin To Net: NetName=NetBQ2_1 Pin=BQ2-1
Added Pin To Net: NetName=NetBQ2_1 Pin=C23-2
Added Pin To Net: NetName=NetBQ2_1 Pin=U4-22
Added Net: Name=NetBQ2_1
Added Pin To Net: NetName=NetBQ2_3 Pin=BQ2-3
Added Pin To Net: NetName=NetBQ2_3 Pin=C24-2
Added Pin To Net: NetName=NetBQ2_3 Pin=U4-23
Added Net: Name=NetBQ2_3
Added Pin To Net: NetName=NetC12_1 Pin=C12-1
Added Pin To Net: NetName=NetC12_1 Pin=F1-1
Added Pin To Net: NetName=NetC12_1 Pin=P1-1
Added Pin To Net: NetName=NetC12_1 Pin=R6-1
Added Pin To Net: NetName=NetC12_1 Pin=U2-7
Added Net: Name=NetC12_1
Added Pin To Net: NetName=NetC13_1 Pin=C13-1
Added Pin To Net: NetName=NetC13_1 Pin=R6-2
Added Pin To Net: NetName=NetC13_1 Pin=U2-8
Added Net: Name=NetC13_1
Added Pin To Net: NetName=NetC21_1 Pin=C21-1
Added Pin To Net: NetName=NetC21_1 Pin=U4-40
Added Net: Name=NetC21_1
Added Pin To Net: NetName=NetD3_2 Pin=D3-2
Added Pin To Net: NetName=NetD3_2 Pin=D4-2
Added Pin To Net: NetName=NetD3_2 Pin=P8-4
Added Pin To Net: NetName=NetD3_2 Pin=S2-2
Added Net: Name=NetD3_2
Added Pin To Net: NetName=NetF1_2 Pin=F1-2
Added Pin To Net: NetName=NetF1_2 Pin=Q1-3
Added Pin To Net: NetName=NetF1_2 Pin=R1-2
Added Net: Name=NetF1_2
Added Pin To Net: NetName=NetL1_1 Pin=L1-1
Added Pin To Net: NetName=NetL1_1 Pin=U1-2
Added Net: Name=NetL1_1
Added Pin To Net: NetName=NetL3_2 Pin=L3-2
Added Pin To Net: NetName=NetL3_2 Pin=U3-5
Added Net: Name=NetL3_2
Added Pin To Net: NetName=NetL4_1 Pin=L4-1
Added Pin To Net: NetName=NetL4_1 Pin=R16-1
Added Net: Name=NetL4_1
Added Pin To Net: NetName=NetL4_2 Pin=L4-2
Added Pin To Net: NetName=NetL4_2 Pin=U4-30
Added Net: Name=NetL4_2
Added Pin To Net: NetName=NetP2_1 Pin=P2-1
Added Pin To Net: NetName=NetP2_1 Pin=P3-1
Added Pin To Net: NetName=NetP2_1 Pin=P4-1
Added Pin To Net: NetName=NetP2_1 Pin=R4-1
Added Pin To Net: NetName=NetP2_1 Pin=U2-6
Added Net: Name=NetP2_1
Added Pin To Net: NetName=NetP5_1 Pin=P5-1
Added Pin To Net: NetName=NetP5_1 Pin=R9-1
Added Pin To Net: NetName=NetP5_1 Pin=U5-8
Added Net: Name=NetP5_1
Added Pin To Net: NetName=NetP6_5 Pin=P6-5
Added Pin To Net: NetName=NetP6_5 Pin=R18-1
Added Net: Name=NetP6_5
Added Pin To Net: NetName=NetP6_9 Pin=P6-9
Added Pin To Net: NetName=NetP6_9 Pin=R19-1
Added Net: Name=NetP6_9
Added Pin To Net: NetName=NetP7_2 Pin=P7-2
Added Pin To Net: NetName=NetP7_2 Pin=R21-1
Added Net: Name=NetP7_2
Added Pin To Net: NetName=NetP7_3 Pin=P7-3
Added Pin To Net: NetName=NetP7_3 Pin=R22-1
Added Net: Name=NetP7_3
Added Pin To Net: NetName=NetQ1_1 Pin=Q1-1
Added Pin To Net: NetName=NetQ1_1 Pin=R3-1
Added Net: Name=NetQ1_1
Added Pin To Net: NetName=NetR5_1 Pin=R5-1
Added Pin To Net: NetName=NetR5_1 Pin=U2-2
Added Net: Name=NetR5_1
Added Pin To Net: NetName=NetR17_1 Pin=R17-1
Added Pin To Net: NetName=NetR17_1 Pin=S1-1
Added Net: Name=NetR17_1
Added Pin To Net: NetName=REG_ON_OFF Pin=U1-5
Added Pin To Net: NetName=REG_ON_OFF Pin=U4-19
Added Net: Name=REG_ON_OFF
Added Pin To Net: NetName=REG_STAT Pin=R2-2
Added Pin To Net: NetName=REG_STAT Pin=U1-1
Added Pin To Net: NetName=REG_STAT Pin=U4-5
Added Net: Name=REG_STAT
Added Pin To Net: NetName=REINIT_1 Pin=P8-1
Added Pin To Net: NetName=REINIT_1 Pin=S2-1
Added Net: Name=REINIT_1
Added Pin To Net: NetName=REINIT_2 Pin=C25-1
Added Pin To Net: NetName=REINIT_2 Pin=P7-1
Added Pin To Net: NetName=REINIT_2 Pin=R20-2
Added Pin To Net: NetName=REINIT_2 Pin=U4-37
Added Net: Name=REINIT_2
Added Pin To Net: NetName=SCL Pin=R11-1
Added Pin To Net: NetName=SCL Pin=U2-4
Added Pin To Net: NetName=SCL Pin=U4-7
Added Net: Name=SCL
Added Pin To Net: NetName=SDA Pin=R10-1
Added Pin To Net: NetName=SDA Pin=U2-3
Added Pin To Net: NetName=SDA Pin=U4-8
Added Net: Name=SDA
Added Pin To Net: NetName=TEMP1_ADC Pin=C26-1
Added Pin To Net: NetName=TEMP1_ADC Pin=R23-1
Added Pin To Net: NetName=TEMP1_ADC Pin=RT1-1
Added Pin To Net: NetName=TEMP1_ADC Pin=U4-12
Added Net: Name=TEMP1_ADC
Added Pin To Net: NetName=TEMP_ON Pin=R23-2
Added Pin To Net: NetName=TEMP_ON Pin=U4-13
Added Net: Name=TEMP_ON
Added Pin To Net: NetName=V_CUR Pin=U4-18
Added Pin To Net: NetName=V_CUR Pin=U5-5
Added Net: Name=V_CUR
Added Pin To Net: NetName=VCC Pin=C2-1
Added Pin To Net: NetName=VCC Pin=L1-2
Added Pin To Net: NetName=VCC Pin=L2-1
Added Pin To Net: NetName=VCC Pin=P6-2
Added Pin To Net: NetName=VCC Pin=R2-1
Added Pin To Net: NetName=VCC Pin=R10-2
Added Pin To Net: NetName=VCC Pin=R11-2
Added Pin To Net: NetName=VCC Pin=R12-1
Added Pin To Net: NetName=VCC Pin=R13-1
Added Pin To Net: NetName=VCC Pin=R14-1
Added Pin To Net: NetName=VCC Pin=R15-1
Added Pin To Net: NetName=VCC Pin=R20-1
Added Pin To Net: NetName=VCC Pin=U1-6
Added Net: Name=VCC
Added Class: Name=flap
